<?xml version="1.0" encoding="UTF-8" ?>
<testsuite tests="21" failures="11" name="com.hackerrank.stocktrade.TestSuite" time="3.004" errors="0" skipped="0">
  <properties>
[...]
</properties>
  <testcase classname="com.hackerrank.stocktrade.requests.TradesControllerTest" name="createTrade" time="2.868">
    <failure message="Status expected:&lt;201&gt; but was:&lt;404&gt;" type="java.lang.AssertionError">java.lang.AssertionError: Status expected:&lt;201&gt; but was:&lt;404&gt;
	at org.springframework.test.util.AssertionErrors.fail(AssertionErrors.java:55)
	at org.springframework.test.util.AssertionErrors.assertEquals(AssertionErrors.java:82)
	at org.springframework.test.web.servlet.result.StatusResultMatchers.lambda$matcher$9(StatusResultMatchers.java:619)
	at org.springframework.test.web.servlet.MockMvc$1.andExpect(MockMvc.java:195)
	at com.hackerrank.stocktrade.requests.TradesControllerTest.createTrade(TradesControllerTest.java:87)
	at java.base/jdk.internal.reflect.NativeMethodAccessorImpl.invoke0(Native Method)
	at java.base/jdk.internal.reflect.NativeMethodAccessorImpl.invoke(NativeMethodAccessorImpl.java:62)
	at java.base/jdk.internal.reflect.DelegatingMethodAccessorImpl.invoke(DelegatingMethodAccessorImpl.java:43)
	at java.base/java.lang.reflect.Method.invoke(Method.java:564)
	at org.junit.runners.model.FrameworkMethod$1.runReflectiveCall(FrameworkMethod.java:50)
	at org.junit.internal.runners.model.ReflectiveCallable.run(ReflectiveCallable.java:12)
	at org.junit.runners.model.FrameworkMethod.invokeExplosively(FrameworkMethod.java:47)
	at org.junit.internal.runners.statements.InvokeMethod.evaluate(InvokeMethod.java:17)
	at org.springframework.test.context.junit4.statements.RunBeforeTestMethodCallbacks.evaluate(RunBeforeTestMethodCallbacks.java:75)
	at org.springframework.test.context.junit4.statements.RunAfterTestMethodCallbacks.evaluate(RunAfterTestMethodCallbacks.java:86)
	at org.springframework.test.context.junit4.statements.RunPrepareTestInstanceCallbacks.evaluate(RunPrepareTestInstanceCallbacks.java:64)
	at org.springframework.test.context.junit4.statements.SpringRepeat.evaluate(SpringRepeat.java:84)
	at org.springframework.test.context.junit4.statements.SpringFailOnTimeout.evaluate(SpringFailOnTimeout.java:87)
	at org.springframework.test.context.junit4.statements.ProfileValueChecker.evaluate(ProfileValueChecker.java:103)
	at org.junit.rules.TestWatcher$1.evaluate(TestWatcher.java:55)
	at org.junit.rules.RunRules.evaluate(RunRules.java:20)
	at org.junit.runners.ParentRunner.runLeaf(ParentRunner.java:325)
	at org.junit.runners.BlockJUnit4ClassRunner.runChild(BlockJUnit4ClassRunner.java:78)
	at org.junit.runners.BlockJUnit4ClassRunner.runChild(BlockJUnit4ClassRunner.java:57)
	at org.junit.runners.ParentRunner$3.run(ParentRunner.java:290)
	at org.junit.runners.ParentRunner$1.schedule(ParentRunner.java:71)
	at org.junit.runners.ParentRunner.runChildren(ParentRunner.java:288)
	at org.junit.runners.ParentRunner.access$000(ParentRunner.java:58)
	at org.junit.runners.ParentRunner$2.evaluate(ParentRunner.java:268)
	at org.junit.internal.runners.statements.RunBefores.evaluate(RunBefores.java:26)
	at org.junit.internal.runners.statements.RunAfters.evaluate(RunAfters.java:27)
	at org.springframework.test.context.junit4.statements.RunBeforeTestClassCallbacks.evaluate(RunBeforeTestClassCallbacks.java:61)
	at org.springframework.test.context.junit4.statements.RunAfterTestClassCallbacks.evaluate(RunAfterTestClassCallbacks.java:70)
	at org.springframework.test.context.junit4.statements.ProfileValueChecker.evaluate(ProfileValueChecker.java:103)
	at org.springframework.test.context.junit4.rules.SpringClassRule$TestContextManagerCacheEvictor.evaluate(SpringClassRule.java:190)
	at org.junit.rules.RunRules.evaluate(RunRules.java:20)
	at org.junit.runners.ParentRunner.run(ParentRunner.java:363)
	at org.junit.runners.Suite.runChild(Suite.java:128)
	at org.junit.runners.Suite.runChild(Suite.java:27)
	at org.junit.runners.ParentRunner$3.run(ParentRunner.java:290)
	at org.junit.runners.ParentRunner$1.schedule(ParentRunner.java:71)
	at org.junit.runners.ParentRunner.runChildren(ParentRunner.java:288)
	at org.junit.runners.ParentRunner.access$000(ParentRunner.java:58)
	at org.junit.runners.ParentRunner$2.evaluate(ParentRunner.java:268)
	at org.junit.internal.runners.statements.RunAfters.evaluate(RunAfters.java:27)
	at org.junit.runners.ParentRunner.run(ParentRunner.java:363)
	at org.apache.maven.surefire.junit4.JUnit4Provider.execute(JUnit4Provider.java:252)
	at org.apache.maven.surefire.junit4.JUnit4Provider.executeTestSet(JUnit4Provider.java:141)
	at org.apache.maven.surefire.junit4.JUnit4Provider.invoke(JUnit4Provider.java:112)
	at java.base/jdk.internal.reflect.NativeMethodAccessorImpl.invoke0(Native Method)
	at java.base/jdk.internal.reflect.NativeMethodAccessorImpl.invoke(NativeMethodAccessorImpl.java:62)
	at java.base/jdk.internal.reflect.DelegatingMethodAccessorImpl.invoke(DelegatingMethodAccessorImpl.java:43)
	at java.base/java.lang.reflect.Method.invoke(Method.java:564)
	at org.apache.maven.surefire.util.ReflectionUtils.invokeMethodWithArray(ReflectionUtils.java:189)
	at org.apache.maven.surefire.booter.ProviderFactory$ProviderProxy.invoke(ProviderFactory.java:165)
	at org.apache.maven.surefire.booter.ProviderFactory.invokeProvider(ProviderFactory.java:85)
	at org.apache.maven.surefire.booter.ForkedBooter.runSuitesInProcess(ForkedBooter.java:115)
	at org.apache.maven.surefire.booter.ForkedBooter.main(ForkedBooter.java:75)
</failure>
    <system-out>17:08:57.454 [main] DEBUG org.springframework.test.context.junit4.rules.SpringClassRule - Applying SpringClassRule to test class [com.hackerrank.stocktrade.requests.TradesControllerTest]
17:08:57.462 [main] DEBUG org.springframework.test.context.BootstrapUtils - Instantiating CacheAwareContextLoaderDelegate from class [org.springframework.test.context.cache.DefaultCacheAwareContextLoaderDelegate]
17:08:57.479 [main] DEBUG org.springframework.test.context.BootstrapUtils - Instantiating BootstrapContext using constructor [public org.springframework.test.context.support.DefaultBootstrapContext(java.lang.Class,org.springframework.test.context.CacheAwareContextLoaderDelegate)]
17:08:57.510 [main] DEBUG org.springframework.test.context.BootstrapUtils - Instantiating TestContextBootstrapper for test class [com.hackerrank.stocktrade.requests.TradesControllerTest] from class [org.springframework.boot.test.context.SpringBootTestContextBootstrapper]
17:08:57.518 [main] INFO org.springframework.boot.test.context.SpringBootTestContextBootstrapper - Neither @ContextConfiguration nor @ContextHierarchy found for test class [com.hackerrank.stocktrade.requests.TradesControllerTest], using SpringBootContextLoader
17:08:57.521 [main] DEBUG org.springframework.test.context.support.AbstractContextLoader - Did not detect default resource location for test class [com.hackerrank.stocktrade.requests.TradesControllerTest]: class path resource [com/hackerrank/stocktrade/requests/TradesControllerTest-context.xml] does not exist
17:08:57.521 [main] DEBUG org.springframework.test.context.support.AbstractContextLoader - Did not detect default resource location for test class [com.hackerrank.stocktrade.requests.TradesControllerTest]: class path resource [com/hackerrank/stocktrade/requests/TradesControllerTestContext.groovy] does not exist
17:08:57.521 [main] INFO org.springframework.test.context.support.AbstractContextLoader - Could not detect default resource locations for test class [com.hackerrank.stocktrade.requests.TradesControllerTest]: no resource found for suffixes {-context.xml, Context.groovy}.
17:08:57.522 [main] INFO org.springframework.test.context.support.AnnotationConfigContextLoaderUtils - Could not detect default configuration classes for test class [com.hackerrank.stocktrade.requests.TradesControllerTest]: TradesControllerTest does not declare any static, non-private, non-final, nested classes annotated with @Configuration.
17:08:57.561 [main] DEBUG org.springframework.test.context.support.ActiveProfilesUtils - Could not find an &apos;annotation declaring class&apos; for annotation type [org.springframework.test.context.ActiveProfiles] and class [com.hackerrank.stocktrade.requests.TradesControllerTest]
17:08:57.611 [main] DEBUG org.springframework.context.annotation.ClassPathScanningCandidateComponentProvider - Identified candidate component class: file [/Users/sabbiralam/Drive-D/CodeBackup/Hackerrank/89e1df1f-faa8-40c1-b33a-8b75d83c2b80/target/classes/com/hackerrank/stocktrade/Application.class]
17:08:57.612 [main] INFO org.springframework.boot.test.context.SpringBootTestContextBootstrapper - Found @SpringBootConfiguration com.hackerrank.stocktrade.Application for test class com.hackerrank.stocktrade.requests.TradesControllerTest
17:08:57.684 [main] DEBUG org.springframework.boot.test.context.SpringBootTestContextBootstrapper - @TestExecutionListeners is not present for class [com.hackerrank.stocktrade.requests.TradesControllerTest]: using defaults.
17:08:57.684 [main] INFO org.springframework.boot.test.context.SpringBootTestContextBootstrapper - Loaded default TestExecutionListener class names from location [META-INF/spring.factories]: [org.springframework.test.context.web.ServletTestExecutionListener, org.springframework.test.context.support.DirtiesContextBeforeModesTestExecutionListener, org.springframework.test.context.support.DependencyInjectionTestExecutionListener, org.springframework.test.context.support.DirtiesContextTestExecutionListener, org.springframework.test.context.transaction.TransactionalTestExecutionListener, org.springframework.test.context.jdbc.SqlScriptsTestExecutionListener, org.springframework.boot.test.mock.mockito.MockitoTestExecutionListener, org.springframework.boot.test.mock.mockito.ResetMocksTestExecutionListener, org.springframework.boot.test.autoconfigure.restdocs.RestDocsTestExecutionListener, org.springframework.boot.test.autoconfigure.web.client.MockRestServiceServerResetTestExecutionListener, org.springframework.boot.test.autoconfigure.web.servlet.MockMvcPrintOnlyOnFailureTestExecutionListener, org.springframework.boot.test.autoconfigure.web.servlet.WebDriverTestExecutionListener]
17:08:57.699 [main] INFO org.springframework.boot.test.context.SpringBootTestContextBootstrapper - Using TestExecutionListeners: [org.springframework.test.context.web.ServletTestExecutionListener@6e9175d8, org.springframework.test.context.support.DirtiesContextBeforeModesTestExecutionListener@7d0b7e3c, org.springframework.boot.test.mock.mockito.MockitoTestExecutionListener@15bb5034, org.springframework.boot.test.autoconfigure.SpringBootDependencyInjectionTestExecutionListener@4b741d6d, org.springframework.test.context.support.DirtiesContextTestExecutionListener@2eae8e6e, org.springframework.test.context.transaction.TransactionalTestExecutionListener@8f2ef19, org.springframework.test.context.jdbc.SqlScriptsTestExecutionListener@470734c3, org.springframework.boot.test.mock.mockito.ResetMocksTestExecutionListener@2cf3d63b, org.springframework.boot.test.autoconfigure.restdocs.RestDocsTestExecutionListener@7674f035, org.springframework.boot.test.autoconfigure.web.client.MockRestServiceServerResetTestExecutionListener@69e153c5, org.springframework.boot.test.autoconfigure.web.servlet.MockMvcPrintOnlyOnFailureTestExecutionListener@173ed316, org.springframework.boot.test.autoconfigure.web.servlet.WebDriverTestExecutionListener@25ce9dc4]
17:08:57.701 [main] DEBUG org.springframework.test.annotation.ProfileValueUtils - Retrieved @ProfileValueSourceConfiguration [null] for test class [com.hackerrank.stocktrade.requests.TradesControllerTest]
17:08:57.702 [main] DEBUG org.springframework.test.annotation.ProfileValueUtils - Retrieved ProfileValueSource type [class org.springframework.test.annotation.SystemProfileValueSource] for class [com.hackerrank.stocktrade.requests.TradesControllerTest]
17:08:57.704 [main] DEBUG org.springframework.test.context.support.AbstractDirtiesContextTestExecutionListener - Before test class: context [DefaultTestContext@17f9d882 testClass = TradesControllerTest, testInstance = [null], testMethod = [null], testException = [null], mergedContextConfiguration = [WebMergedContextConfiguration@79e4c792 testClass = TradesControllerTest, locations = &apos;{}&apos;, classes = &apos;{class com.hackerrank.stocktrade.Application}&apos;, contextInitializerClasses = &apos;[]&apos;, activeProfiles = &apos;{}&apos;, propertySourceLocations = &apos;{}&apos;, propertySourceProperties = &apos;{org.springframework.boot.test.context.SpringBootTestContextBootstrapper=true}&apos;, contextCustomizers = set[[ImportsContextCustomizer@196a42c3 key = [org.springframework.boot.test.autoconfigure.web.servlet.MockMvcAutoConfiguration, org.springframework.boot.test.autoconfigure.web.servlet.MockMvcSecurityAutoConfiguration, org.springframework.boot.test.autoconfigure.web.servlet.MockMvcWebClientAutoConfiguration, org.springframework.boot.test.autoconfigure.web.servlet.MockMvcWebDriverAutoConfiguration]], org.springframework.boot.test.context.filter.ExcludeFilterContextCustomizer@659a969b, org.springframework.boot.test.json.DuplicateJsonObjectContextCustomizerFactory$DuplicateJsonObjectContextCustomizer@35047d03, org.springframework.boot.test.mock.mockito.MockitoContextCustomizer@0, org.springframework.boot.test.web.client.TestRestTemplateContextCustomizer@5a63f509, org.springframework.boot.test.autoconfigure.properties.PropertyMappingContextCustomizer@e7e8512, org.springframework.boot.test.autoconfigure.web.servlet.WebDriverContextCustomizerFactory$Customizer@636be97c], resourceBasePath = &apos;src/main/webapp&apos;, contextLoader = &apos;org.springframework.boot.test.context.SpringBootContextLoader&apos;, parent = [null]], attributes = map[&apos;org.springframework.test.context.web.ServletTestExecutionListener.activateListener&apos; -&gt; true]], class annotated with @DirtiesContext [false] with mode [null].
17:08:57.707 [main] DEBUG org.springframework.test.context.junit4.rules.SpringMethodRule - Applying SpringMethodRule to test method [public void com.hackerrank.stocktrade.requests.TradesControllerTest.createTrade() throws java.lang.Exception]
17:08:57.709 [main] DEBUG org.springframework.test.annotation.ProfileValueUtils - Retrieved @ProfileValueSourceConfiguration [null] for test class [com.hackerrank.stocktrade.requests.TradesControllerTest]
17:08:57.709 [main] DEBUG org.springframework.test.annotation.ProfileValueUtils - Retrieved ProfileValueSource type [class org.springframework.test.annotation.SystemProfileValueSource] for class [com.hackerrank.stocktrade.requests.TradesControllerTest]
17:08:57.729 [main] DEBUG org.springframework.test.context.support.TestPropertySourceUtils - Adding inlined properties to environment: {spring.jmx.enabled=false, org.springframework.boot.test.context.SpringBootTestContextBootstrapper=true, server.port=-1}

  .   ____          _            __ _ _
 /\\ / ___&apos;_ __ _ _(_)_ __  __ _ \ \ \ \
( ( )\___ | &apos;_ | &apos;_| | &apos;_ \/ _` | \ \ \ \
 \\/  ___)| |_)| | | | | || (_| |  ) ) ) )
  &apos;  |____| .__|_| |_|_| |_\__, | / / / /
 =========|_|==============|___/=/_/_/_/
 :: Spring Boot ::        (v2.1.1.RELEASE)

2021-01-11 17:08:57.987  INFO 5251 --- [           main] c.h.s.requests.TradesControllerTest      : Starting TradesControllerTest on ST-MACFVFZT1VZL414.local with PID 5251 (started by sabbiralam in /Users/sabbiralam/Drive-D/CodeBackup/Hackerrank/89e1df1f-faa8-40c1-b33a-8b75d83c2b80)
2021-01-11 17:08:57.988  INFO 5251 --- [           main] c.h.s.requests.TradesControllerTest      : No active profile set, falling back to default profiles: default
2021-01-11 17:08:58.586  INFO 5251 --- [           main] .s.d.r.c.RepositoryConfigurationDelegate : Bootstrapping Spring Data repositories in DEFAULT mode.
2021-01-11 17:08:58.608  INFO 5251 --- [           main] .s.d.r.c.RepositoryConfigurationDelegate : Finished Spring Data repository scanning in 14ms. Found 0 repository interfaces.
2021-01-11 17:08:58.948  INFO 5251 --- [           main] trationDelegate$BeanPostProcessorChecker : Bean &apos;org.springframework.transaction.annotation.ProxyTransactionManagementConfiguration&apos; of type [org.springframework.transaction.annotation.ProxyTransactionManagementConfiguration$$EnhancerBySpringCGLIB$$c69718d5] is not eligible for getting processed by all BeanPostProcessors (for example: not eligible for auto-proxying)
2021-01-11 17:08:59.111  INFO 5251 --- [           main] com.zaxxer.hikari.HikariDataSource       : HikariPool-1 - Starting...
2021-01-11 17:08:59.243  INFO 5251 --- [           main] com.zaxxer.hikari.HikariDataSource       : HikariPool-1 - Start completed.
2021-01-11 17:08:59.305  INFO 5251 --- [           main] o.hibernate.jpa.internal.util.LogHelper  : HHH000204: Processing PersistenceUnitInfo [
	name: default
	...]
2021-01-11 17:08:59.347  INFO 5251 --- [           main] org.hibernate.Version                    : HHH000412: Hibernate Core {5.3.7.Final}
2021-01-11 17:08:59.348  INFO 5251 --- [           main] org.hibernate.cfg.Environment            : HHH000206: hibernate.properties not found
2021-01-11 17:08:59.463  INFO 5251 --- [           main] o.hibernate.annotations.common.Version   : HCANN000001: Hibernate Commons Annotations {5.0.4.Final}
2021-01-11 17:08:59.567  INFO 5251 --- [           main] org.hibernate.dialect.Dialect            : HHH000400: Using dialect: org.hibernate.dialect.H2Dialect
2021-01-11 17:08:59.743  INFO 5251 --- [           main] o.h.t.schema.internal.SchemaCreatorImpl  : HHH000476: Executing import script &apos;org.hibernate.tool.schema.internal.exec.ScriptSourceInputNonExistentImpl@6c4ce583&apos;
2021-01-11 17:08:59.745  INFO 5251 --- [           main] j.LocalContainerEntityManagerFactoryBean : Initialized JPA EntityManagerFactory for persistence unit &apos;default&apos;
2021-01-11 17:09:00.165  INFO 5251 --- [           main] o.s.s.concurrent.ThreadPoolTaskExecutor  : Initializing ExecutorService &apos;applicationTaskExecutor&apos;
2021-01-11 17:09:00.203  WARN 5251 --- [           main] aWebConfiguration$JpaWebMvcConfiguration : spring.jpa.open-in-view is enabled by default. Therefore, database queries may be performed during view rendering. Explicitly configure spring.jpa.open-in-view to disable this warning
2021-01-11 17:09:00.433  INFO 5251 --- [           main] o.s.b.t.m.w.SpringBootMockServletContext : Initializing Spring TestDispatcherServlet &apos;&apos;
2021-01-11 17:09:00.433  INFO 5251 --- [           main] o.s.t.web.servlet.TestDispatcherServlet  : Initializing Servlet &apos;&apos;
2021-01-11 17:09:00.453  INFO 5251 --- [           main] o.s.t.web.servlet.TestDispatcherServlet  : Completed initialization in 20 ms
2021-01-11 17:09:00.474  INFO 5251 --- [           main] c.h.s.requests.TradesControllerTest      : Started TradesControllerTest in 2.735 seconds (JVM running for 3.429)

MockHttpServletRequest:
      HTTP Method = POST
      Request URI = /trades
       Parameters = {}
          Headers = {Content-Type=[application/json;charset=UTF-8]}
             Body = {&quot;id&quot;: 1, &quot;type&quot;: &quot;buy&quot;, &quot;user&quot;: {&quot;id&quot;: 2, &quot;name&quot;: &quot;Amy Palmer&quot;}, &quot;symbol&quot;: &quot;AA&quot;, &quot;shares&quot;: 11, &quot;price&quot;: 174.82, &quot;timestamp&quot;: &quot;2018-12-28 13:18:48&quot;}
    Session Attrs = {}

Handler:
             Type = org.springframework.web.servlet.resource.ResourceHttpRequestHandler

Async:
    Async started = false
     Async result = null

Resolved Exception:
             Type = null

ModelAndView:
        View name = null
             View = null
            Model = null

FlashMap:
       Attributes = null

MockHttpServletResponse:
           Status = 404
    Error message = null
          Headers = {}
     Content type = null
             Body = 
    Forwarded URL = null
   Redirected URL = null
          Cookies = []

&amp;#27;[0;31mcreateTrade(com.hackerrank.stocktrade.requests.TradesControllerTest)&amp;#27;[0m
&amp;#27;[0;31mjava.lang.AssertionError: Status expected:&lt;201&gt; but was:&lt;404&gt;&amp;#27;[0m
&amp;#27;[0;31m	at org.springframework.test.util.AssertionErrors.fail(AssertionErrors.java:55)&amp;#27;[0m
&amp;#27;[0;31m	at org.springframework.test.util.AssertionErrors.assertEquals(AssertionErrors.java:82)&amp;#27;[0m
&amp;#27;[0;31m	at org.springframework.test.web.servlet.result.StatusResultMatchers.lambda$matcher$9(StatusResultMatchers.java:619)&amp;#27;[0m
&amp;#27;[0;31m	at org.springframework.test.web.servlet.MockMvc$1.andExpect(MockMvc.java:195)&amp;#27;[0m
&amp;#27;[0;31m	at com.hackerrank.stocktrade.requests.TradesControllerTest.createTrade(TradesControllerTest.java:87)&amp;#27;[0m
&amp;#27;[0;31m	at java.base/jdk.internal.reflect.NativeMethodAccessorImpl.invoke0(Native Method)&amp;#27;[0m
&amp;#27;[0;31m	at java.base/jdk.internal.reflect.NativeMethodAccessorImpl.invoke(NativeMethodAccessorImpl.java:62)&amp;#27;[0m
&amp;#27;[0;31m	at java.base/jdk.internal.reflect.DelegatingMethodAccessorImpl.invoke(DelegatingMethodAccessorImpl.java:43)&amp;#27;[0m
&amp;#27;[0;31m	at java.base/java.lang.reflect.Method.invoke(Method.java:564)&amp;#27;[0m
&amp;#27;[0;31m	at org.junit.runners.model.FrameworkMethod$1.runReflectiveCall(FrameworkMethod.java:50)&amp;#27;[0m
&amp;#27;[0;31m	at org.junit.internal.runners.model.ReflectiveCallable.run(ReflectiveCallable.java:12)&amp;#27;[0m
&amp;#27;[0;31m	at org.junit.runners.model.FrameworkMethod.invokeExplosively(FrameworkMethod.java:47)&amp;#27;[0m
&amp;#27;[0;31m	at org.junit.internal.runners.statements.InvokeMethod.evaluate(InvokeMethod.java:17)&amp;#27;[0m
&amp;#27;[0;31m	at org.springframework.test.context.junit4.statements.RunBeforeTestMethodCallbacks.evaluate(RunBeforeTestMethodCallbacks.java:75)&amp;#27;[0m
&amp;#27;[0;31m	at org.springframework.test.context.junit4.statements.RunAfterTestMethodCallbacks.evaluate(RunAfterTestMethodCallbacks.java:86)&amp;#27;[0m
&amp;#27;[0;31m	at org.springframework.test.context.junit4.statements.RunPrepareTestInstanceCallbacks.evaluate(RunPrepareTestInstanceCallbacks.java:64)&amp;#27;[0m
&amp;#27;[0;31m	at org.springframework.test.context.junit4.statements.SpringRepeat.evaluate(SpringRepeat.java:84)&amp;#27;[0m
&amp;#27;[0;31m	at org.springframework.test.context.junit4.statements.SpringFailOnTimeout.evaluate(SpringFailOnTimeout.java:87)&amp;#27;[0m
&amp;#27;[0;31m	at org.springframework.test.context.junit4.statements.ProfileValueChecker.evaluate(ProfileValueChecker.java:103)&amp;#27;[0m
&amp;#27;[0;31m	at org.junit.rules.TestWatcher$1.evaluate(TestWatcher.java:55)&amp;#27;[0m
&amp;#27;[0;31m	at org.junit.rules.RunRules.evaluate(RunRules.java:20)&amp;#27;[0m
&amp;#27;[0;31m	at org.junit.runners.ParentRunner.runLeaf(ParentRunner.java:325)&amp;#27;[0m
&amp;#27;[0;31m	at org.junit.runners.BlockJUnit4ClassRunner.runChild(BlockJUnit4ClassRunner.java:78)&amp;#27;[0m
&amp;#27;[0;31m	at org.junit.runners.BlockJUnit4ClassRunner.runChild(BlockJUnit4ClassRunner.java:57)&amp;#27;[0m
&amp;#27;[0;31m	at org.junit.runners.ParentRunner$3.run(ParentRunner.java:290)&amp;#27;[0m
&amp;#27;[0;31m	at org.junit.runners.ParentRunner$1.schedule(ParentRunner.java:71)&amp;#27;[0m
&amp;#27;[0;31m	at org.junit.runners.ParentRunner.runChildren(ParentRunner.java:288)&amp;#27;[0m
&amp;#27;[0;31m	at org.junit.runners.ParentRunner.access$000(ParentRunner.java:58)&amp;#27;[0m
&amp;#27;[0;31m	at org.junit.runners.ParentRunner$2.evaluate(ParentRunner.java:268)&amp;#27;[0m
&amp;#27;[0;31m	at org.junit.internal.runners.statements.RunBefores.evaluate(RunBefores.java:26)&amp;#27;[0m
&amp;#27;[0;31m	at org.junit.internal.runners.statements.RunAfters.evaluate(RunAfters.java:27)&amp;#27;[0m
&amp;#27;[0;31m	at org.springframework.test.context.junit4.statements.RunBeforeTestClassCallbacks.evaluate(RunBeforeTestClassCallbacks.java:61)&amp;#27;[0m
&amp;#27;[0;31m	at org.springframework.test.context.junit4.statements.RunAfterTestClassCallbacks.evaluate(RunAfterTestClassCallbacks.java:70)&amp;#27;[0m
&amp;#27;[0;31m	at org.springframework.test.context.junit4.statements.ProfileValueChecker.evaluate(ProfileValueChecker.java:103)&amp;#27;[0m
&amp;#27;[0;31m	at org.springframework.test.context.junit4.rules.SpringClassRule$TestContextManagerCacheEvictor.evaluate(SpringClassRule.java:190)&amp;#27;[0m
&amp;#27;[0;31m	at org.junit.rules.RunRules.evaluate(RunRules.java:20)&amp;#27;[0m
&amp;#27;[0;31m	at org.junit.runners.ParentRunner.run(ParentRunner.java:363)&amp;#27;[0m
&amp;#27;[0;31m	at org.junit.runners.Suite.runChild(Suite.java:128)&amp;#27;[0m
&amp;#27;[0;31m	at org.junit.runners.Suite.runChild(Suite.java:27)&amp;#27;[0m
&amp;#27;[0;31m	at org.junit.runners.ParentRunner$3.run(ParentRunner.java:290)&amp;#27;[0m
&amp;#27;[0;31m	at org.junit.runners.ParentRunner$1.schedule(ParentRunner.java:71)&amp;#27;[0m
&amp;#27;[0;31m	at org.junit.runners.ParentRunner.runChildren(ParentRunner.java:288)&amp;#27;[0m
&amp;#27;[0;31m	at org.junit.runners.ParentRunner.access$000(ParentRunner.java:58)&amp;#27;[0m
&amp;#27;[0;31m	at org.junit.runners.ParentRunner$2.evaluate(ParentRunner.java:268)&amp;#27;[0m
&amp;#27;[0;31m	at org.junit.internal.runners.statements.RunAfters.evaluate(RunAfters.java:27)&amp;#27;[0m
&amp;#27;[0;31m	at org.junit.runners.ParentRunner.run(ParentRunner.java:363)&amp;#27;[0m
&amp;#27;[0;31m	at org.apache.maven.surefire.junit4.JUnit4Provider.execute(JUnit4Provider.java:252)&amp;#27;[0m
&amp;#27;[0;31m	at org.apache.maven.surefire.junit4.JUnit4Provider.executeTestSet(JUnit4Provider.java:141)&amp;#27;[0m
&amp;#27;[0;31m	at org.apache.maven.surefire.junit4.JUnit4Provider.invoke(JUnit4Provider.java:112)&amp;#27;[0m
&amp;#27;[0;31m	at java.base/jdk.internal.reflect.NativeMethodAccessorImpl.invoke0(Native Method)&amp;#27;[0m
&amp;#27;[0;31m	at java.base/jdk.internal.reflect.NativeMethodAccessorImpl.invoke(NativeMethodAccessorImpl.java:62)&amp;#27;[0m
&amp;#27;[0;31m	at java.base/jdk.internal.reflect.DelegatingMethodAccessorImpl.invoke(DelegatingMethodAccessorImpl.java:43)&amp;#27;[0m
&amp;#27;[0;31m	at java.base/java.lang.reflect.Method.invoke(Method.java:564)&amp;#27;[0m
&amp;#27;[0;31m	at org.apache.maven.surefire.util.ReflectionUtils.invokeMethodWithArray(ReflectionUtils.java:189)&amp;#27;[0m
&amp;#27;[0;31m	at org.apache.maven.surefire.booter.ProviderFactory$ProviderProxy.invoke(ProviderFactory.java:165)&amp;#27;[0m
&amp;#27;[0;31m	at org.apache.maven.surefire.booter.ProviderFactory.invokeProvider(ProviderFactory.java:85)&amp;#27;[0m
&amp;#27;[0;31m	at org.apache.maven.surefire.booter.ForkedBooter.runSuitesInProcess(ForkedBooter.java:115)&amp;#27;[0m
&amp;#27;[0;31m	at org.apache.maven.surefire.booter.ForkedBooter.main(ForkedBooter.java:75)&amp;#27;[0m
</system-out>
  </testcase>
  <testcase classname="com.hackerrank.stocktrade.requests.TradesControllerTest" name="createTradeWithExistingId" time="0.007">
    <failure message="Status expected:&lt;400&gt; but was:&lt;404&gt;" type="java.lang.AssertionError">java.lang.AssertionError: Status expected:&lt;400&gt; but was:&lt;404&gt;
	at org.springframework.test.util.AssertionErrors.fail(AssertionErrors.java:55)
	at org.springframework.test.util.AssertionErrors.assertEquals(AssertionErrors.java:82)
	at org.springframework.test.web.servlet.result.StatusResultMatchers.lambda$matcher$9(StatusResultMatchers.java:619)
	at org.springframework.test.web.servlet.MockMvc$1.andExpect(MockMvc.java:195)
	at com.hackerrank.stocktrade.requests.TradesControllerTest.createTradeWithExistingId(TradesControllerTest.java:259)
	at java.base/jdk.internal.reflect.NativeMethodAccessorImpl.invoke0(Native Method)
	at java.base/jdk.internal.reflect.NativeMethodAccessorImpl.invoke(NativeMethodAccessorImpl.java:62)
	at java.base/jdk.internal.reflect.DelegatingMethodAccessorImpl.invoke(DelegatingMethodAccessorImpl.java:43)
	at java.base/java.lang.reflect.Method.invoke(Method.java:564)
	at org.junit.runners.model.FrameworkMethod$1.runReflectiveCall(FrameworkMethod.java:50)
	at org.junit.internal.runners.model.ReflectiveCallable.run(ReflectiveCallable.java:12)
	at org.junit.runners.model.FrameworkMethod.invokeExplosively(FrameworkMethod.java:47)
	at org.junit.internal.runners.statements.InvokeMethod.evaluate(InvokeMethod.java:17)
	at org.springframework.test.context.junit4.statements.RunBeforeTestMethodCallbacks.evaluate(RunBeforeTestMethodCallbacks.java:75)
	at org.springframework.test.context.junit4.statements.RunAfterTestMethodCallbacks.evaluate(RunAfterTestMethodCallbacks.java:86)
	at org.springframework.test.context.junit4.statements.RunPrepareTestInstanceCallbacks.evaluate(RunPrepareTestInstanceCallbacks.java:64)
	at org.springframework.test.context.junit4.statements.SpringRepeat.evaluate(SpringRepeat.java:84)
	at org.springframework.test.context.junit4.statements.SpringFailOnTimeout.evaluate(SpringFailOnTimeout.java:87)
	at org.springframework.test.context.junit4.statements.ProfileValueChecker.evaluate(ProfileValueChecker.java:103)
	at org.junit.rules.TestWatcher$1.evaluate(TestWatcher.java:55)
	at org.junit.rules.RunRules.evaluate(RunRules.java:20)
	at org.junit.runners.ParentRunner.runLeaf(ParentRunner.java:325)
	at org.junit.runners.BlockJUnit4ClassRunner.runChild(BlockJUnit4ClassRunner.java:78)
	at org.junit.runners.BlockJUnit4ClassRunner.runChild(BlockJUnit4ClassRunner.java:57)
	at org.junit.runners.ParentRunner$3.run(ParentRunner.java:290)
	at org.junit.runners.ParentRunner$1.schedule(ParentRunner.java:71)
	at org.junit.runners.ParentRunner.runChildren(ParentRunner.java:288)
	at org.junit.runners.ParentRunner.access$000(ParentRunner.java:58)
	at org.junit.runners.ParentRunner$2.evaluate(ParentRunner.java:268)
	at org.junit.internal.runners.statements.RunBefores.evaluate(RunBefores.java:26)
	at org.junit.internal.runners.statements.RunAfters.evaluate(RunAfters.java:27)
	at org.springframework.test.context.junit4.statements.RunBeforeTestClassCallbacks.evaluate(RunBeforeTestClassCallbacks.java:61)
	at org.springframework.test.context.junit4.statements.RunAfterTestClassCallbacks.evaluate(RunAfterTestClassCallbacks.java:70)
	at org.springframework.test.context.junit4.statements.ProfileValueChecker.evaluate(ProfileValueChecker.java:103)
	at org.springframework.test.context.junit4.rules.SpringClassRule$TestContextManagerCacheEvictor.evaluate(SpringClassRule.java:190)
	at org.junit.rules.RunRules.evaluate(RunRules.java:20)
	at org.junit.runners.ParentRunner.run(ParentRunner.java:363)
	at org.junit.runners.Suite.runChild(Suite.java:128)
	at org.junit.runners.Suite.runChild(Suite.java:27)
	at org.junit.runners.ParentRunner$3.run(ParentRunner.java:290)
	at org.junit.runners.ParentRunner$1.schedule(ParentRunner.java:71)
	at org.junit.runners.ParentRunner.runChildren(ParentRunner.java:288)
	at org.junit.runners.ParentRunner.access$000(ParentRunner.java:58)
	at org.junit.runners.ParentRunner$2.evaluate(ParentRunner.java:268)
	at org.junit.internal.runners.statements.RunAfters.evaluate(RunAfters.java:27)
	at org.junit.runners.ParentRunner.run(ParentRunner.java:363)
	at org.apache.maven.surefire.junit4.JUnit4Provider.execute(JUnit4Provider.java:252)
	at org.apache.maven.surefire.junit4.JUnit4Provider.executeTestSet(JUnit4Provider.java:141)
	at org.apache.maven.surefire.junit4.JUnit4Provider.invoke(JUnit4Provider.java:112)
	at java.base/jdk.internal.reflect.NativeMethodAccessorImpl.invoke0(Native Method)
	at java.base/jdk.internal.reflect.NativeMethodAccessorImpl.invoke(NativeMethodAccessorImpl.java:62)
	at java.base/jdk.internal.reflect.DelegatingMethodAccessorImpl.invoke(DelegatingMethodAccessorImpl.java:43)
	at java.base/java.lang.reflect.Method.invoke(Method.java:564)
	at org.apache.maven.surefire.util.ReflectionUtils.invokeMethodWithArray(ReflectionUtils.java:189)
	at org.apache.maven.surefire.booter.ProviderFactory$ProviderProxy.invoke(ProviderFactory.java:165)
	at org.apache.maven.surefire.booter.ProviderFactory.invokeProvider(ProviderFactory.java:85)
	at org.apache.maven.surefire.booter.ForkedBooter.runSuitesInProcess(ForkedBooter.java:115)
	at org.apache.maven.surefire.booter.ForkedBooter.main(ForkedBooter.java:75)
</failure>
    <system-out>
MockHttpServletRequest:
      HTTP Method = POST
      Request URI = /trades
       Parameters = {}
          Headers = {Content-Type=[application/json;charset=UTF-8]}
             Body = {&quot;id&quot;: 1, &quot;type&quot;: &quot;buy&quot;, &quot;user&quot;: {&quot;id&quot;: 2, &quot;name&quot;: &quot;Amy Palmer&quot;}, &quot;symbol&quot;: &quot;AA&quot;, &quot;shares&quot;: 11, &quot;price&quot;: 174.82, &quot;timestamp&quot;: &quot;2018-12-28 13:18:48&quot;}
    Session Attrs = {}

Handler:
             Type = org.springframework.web.servlet.resource.ResourceHttpRequestHandler

Async:
    Async started = false
     Async result = null

Resolved Exception:
             Type = null

ModelAndView:
        View name = null
             View = null
            Model = null

FlashMap:
       Attributes = null

MockHttpServletResponse:
           Status = 404
    Error message = null
          Headers = {}
     Content type = null
             Body = 
    Forwarded URL = null
   Redirected URL = null
          Cookies = []

MockHttpServletRequest:
      HTTP Method = POST
      Request URI = /trades
       Parameters = {}
          Headers = {Content-Type=[application/json;charset=UTF-8]}
             Body = {&quot;id&quot;: 1, &quot;type&quot;: &quot;buy&quot;, &quot;user&quot;: {&quot;id&quot;: 2, &quot;name&quot;: &quot;Amy Palmer&quot;}, &quot;symbol&quot;: &quot;AA&quot;, &quot;shares&quot;: 11, &quot;price&quot;: 174.82, &quot;timestamp&quot;: &quot;2018-12-28 13:18:48&quot;}
    Session Attrs = {}

Handler:
             Type = org.springframework.web.servlet.resource.ResourceHttpRequestHandler

Async:
    Async started = false
     Async result = null

Resolved Exception:
             Type = null

ModelAndView:
        View name = null
             View = null
            Model = null

FlashMap:
       Attributes = null

MockHttpServletResponse:
           Status = 404
    Error message = null
          Headers = {}
     Content type = null
             Body = 
    Forwarded URL = null
   Redirected URL = null
          Cookies = []

&amp;#27;[0;31mcreateTradeWithExistingId(com.hackerrank.stocktrade.requests.TradesControllerTest)&amp;#27;[0m
&amp;#27;[0;31mjava.lang.AssertionError: Status expected:&lt;400&gt; but was:&lt;404&gt;&amp;#27;[0m
&amp;#27;[0;31m	at org.springframework.test.util.AssertionErrors.fail(AssertionErrors.java:55)&amp;#27;[0m
&amp;#27;[0;31m	at org.springframework.test.util.AssertionErrors.assertEquals(AssertionErrors.java:82)&amp;#27;[0m
&amp;#27;[0;31m	at org.springframework.test.web.servlet.result.StatusResultMatchers.lambda$matcher$9(StatusResultMatchers.java:619)&amp;#27;[0m
&amp;#27;[0;31m	at org.springframework.test.web.servlet.MockMvc$1.andExpect(MockMvc.java:195)&amp;#27;[0m
&amp;#27;[0;31m	at com.hackerrank.stocktrade.requests.TradesControllerTest.createTradeWithExistingId(TradesControllerTest.java:259)&amp;#27;[0m
&amp;#27;[0;31m	at java.base/jdk.internal.reflect.NativeMethodAccessorImpl.invoke0(Native Method)&amp;#27;[0m
&amp;#27;[0;31m	at java.base/jdk.internal.reflect.NativeMethodAccessorImpl.invoke(NativeMethodAccessorImpl.java:62)&amp;#27;[0m
&amp;#27;[0;31m	at java.base/jdk.internal.reflect.DelegatingMethodAccessorImpl.invoke(DelegatingMethodAccessorImpl.java:43)&amp;#27;[0m
&amp;#27;[0;31m	at java.base/java.lang.reflect.Method.invoke(Method.java:564)&amp;#27;[0m
&amp;#27;[0;31m	at org.junit.runners.model.FrameworkMethod$1.runReflectiveCall(FrameworkMethod.java:50)&amp;#27;[0m
&amp;#27;[0;31m	at org.junit.internal.runners.model.ReflectiveCallable.run(ReflectiveCallable.java:12)&amp;#27;[0m
&amp;#27;[0;31m	at org.junit.runners.model.FrameworkMethod.invokeExplosively(FrameworkMethod.java:47)&amp;#27;[0m
&amp;#27;[0;31m	at org.junit.internal.runners.statements.InvokeMethod.evaluate(InvokeMethod.java:17)&amp;#27;[0m
&amp;#27;[0;31m	at org.springframework.test.context.junit4.statements.RunBeforeTestMethodCallbacks.evaluate(RunBeforeTestMethodCallbacks.java:75)&amp;#27;[0m
&amp;#27;[0;31m	at org.springframework.test.context.junit4.statements.RunAfterTestMethodCallbacks.evaluate(RunAfterTestMethodCallbacks.java:86)&amp;#27;[0m
&amp;#27;[0;31m	at org.springframework.test.context.junit4.statements.RunPrepareTestInstanceCallbacks.evaluate(RunPrepareTestInstanceCallbacks.java:64)&amp;#27;[0m
&amp;#27;[0;31m	at org.springframework.test.context.junit4.statements.SpringRepeat.evaluate(SpringRepeat.java:84)&amp;#27;[0m
&amp;#27;[0;31m	at org.springframework.test.context.junit4.statements.SpringFailOnTimeout.evaluate(SpringFailOnTimeout.java:87)&amp;#27;[0m
&amp;#27;[0;31m	at org.springframework.test.context.junit4.statements.ProfileValueChecker.evaluate(ProfileValueChecker.java:103)&amp;#27;[0m
&amp;#27;[0;31m	at org.junit.rules.TestWatcher$1.evaluate(TestWatcher.java:55)&amp;#27;[0m
&amp;#27;[0;31m	at org.junit.rules.RunRules.evaluate(RunRules.java:20)&amp;#27;[0m
&amp;#27;[0;31m	at org.junit.runners.ParentRunner.runLeaf(ParentRunner.java:325)&amp;#27;[0m
&amp;#27;[0;31m	at org.junit.runners.BlockJUnit4ClassRunner.runChild(BlockJUnit4ClassRunner.java:78)&amp;#27;[0m
&amp;#27;[0;31m	at org.junit.runners.BlockJUnit4ClassRunner.runChild(BlockJUnit4ClassRunner.java:57)&amp;#27;[0m
&amp;#27;[0;31m	at org.junit.runners.ParentRunner$3.run(ParentRunner.java:290)&amp;#27;[0m
&amp;#27;[0;31m	at org.junit.runners.ParentRunner$1.schedule(ParentRunner.java:71)&amp;#27;[0m
&amp;#27;[0;31m	at org.junit.runners.ParentRunner.runChildren(ParentRunner.java:288)&amp;#27;[0m
&amp;#27;[0;31m	at org.junit.runners.ParentRunner.access$000(ParentRunner.java:58)&amp;#27;[0m
&amp;#27;[0;31m	at org.junit.runners.ParentRunner$2.evaluate(ParentRunner.java:268)&amp;#27;[0m
&amp;#27;[0;31m	at org.junit.internal.runners.statements.RunBefores.evaluate(RunBefores.java:26)&amp;#27;[0m
&amp;#27;[0;31m	at org.junit.internal.runners.statements.RunAfters.evaluate(RunAfters.java:27)&amp;#27;[0m
&amp;#27;[0;31m	at org.springframework.test.context.junit4.statements.RunBeforeTestClassCallbacks.evaluate(RunBeforeTestClassCallbacks.java:61)&amp;#27;[0m
&amp;#27;[0;31m	at org.springframework.test.context.junit4.statements.RunAfterTestClassCallbacks.evaluate(RunAfterTestClassCallbacks.java:70)&amp;#27;[0m
&amp;#27;[0;31m	at org.springframework.test.context.junit4.statements.ProfileValueChecker.evaluate(ProfileValueChecker.java:103)&amp;#27;[0m
&amp;#27;[0;31m	at org.springframework.test.context.junit4.rules.SpringClassRule$TestContextManagerCacheEvictor.evaluate(SpringClassRule.java:190)&amp;#27;[0m
&amp;#27;[0;31m	at org.junit.rules.RunRules.evaluate(RunRules.java:20)&amp;#27;[0m
&amp;#27;[0;31m	at org.junit.runners.ParentRunner.run(ParentRunner.java:363)&amp;#27;[0m
&amp;#27;[0;31m	at org.junit.runners.Suite.runChild(Suite.java:128)&amp;#27;[0m
&amp;#27;[0;31m	at org.junit.runners.Suite.runChild(Suite.java:27)&amp;#27;[0m
&amp;#27;[0;31m	at org.junit.runners.ParentRunner$3.run(ParentRunner.java:290)&amp;#27;[0m
&amp;#27;[0;31m	at org.junit.runners.ParentRunner$1.schedule(ParentRunner.java:71)&amp;#27;[0m
&amp;#27;[0;31m	at org.junit.runners.ParentRunner.runChildren(ParentRunner.java:288)&amp;#27;[0m
&amp;#27;[0;31m	at org.junit.runners.ParentRunner.access$000(ParentRunner.java:58)&amp;#27;[0m
&amp;#27;[0;31m	at org.junit.runners.ParentRunner$2.evaluate(ParentRunner.java:268)&amp;#27;[0m
&amp;#27;[0;31m	at org.junit.internal.runners.statements.RunAfters.evaluate(RunAfters.java:27)&amp;#27;[0m
&amp;#27;[0;31m	at org.junit.runners.ParentRunner.run(ParentRunner.java:363)&amp;#27;[0m
&amp;#27;[0;31m	at org.apache.maven.surefire.junit4.JUnit4Provider.execute(JUnit4Provider.java:252)&amp;#27;[0m
&amp;#27;[0;31m	at org.apache.maven.surefire.junit4.JUnit4Provider.executeTestSet(JUnit4Provider.java:141)&amp;#27;[0m
&amp;#27;[0;31m	at org.apache.maven.surefire.junit4.JUnit4Provider.invoke(JUnit4Provider.java:112)&amp;#27;[0m
&amp;#27;[0;31m	at java.base/jdk.internal.reflect.NativeMethodAccessorImpl.invoke0(Native Method)&amp;#27;[0m
&amp;#27;[0;31m	at java.base/jdk.internal.reflect.NativeMethodAccessorImpl.invoke(NativeMethodAccessorImpl.java:62)&amp;#27;[0m
&amp;#27;[0;31m	at java.base/jdk.internal.reflect.DelegatingMethodAccessorImpl.invoke(DelegatingMethodAccessorImpl.java:43)&amp;#27;[0m
&amp;#27;[0;31m	at java.base/java.lang.reflect.Method.invoke(Method.java:564)&amp;#27;[0m
&amp;#27;[0;31m	at org.apache.maven.surefire.util.ReflectionUtils.invokeMethodWithArray(ReflectionUtils.java:189)&amp;#27;[0m
&amp;#27;[0;31m	at org.apache.maven.surefire.booter.ProviderFactory$ProviderProxy.invoke(ProviderFactory.java:165)&amp;#27;[0m
&amp;#27;[0;31m	at org.apache.maven.surefire.booter.ProviderFactory.invokeProvider(ProviderFactory.java:85)&amp;#27;[0m
&amp;#27;[0;31m	at org.apache.maven.surefire.booter.ForkedBooter.runSuitesInProcess(ForkedBooter.java:115)&amp;#27;[0m
&amp;#27;[0;31m	at org.apache.maven.surefire.booter.ForkedBooter.main(ForkedBooter.java:75)&amp;#27;[0m
</system-out>
  </testcase>
  <testcase classname="com.hackerrank.stocktrade.requests.TradesControllerTest" name="findTradeById" time="0.008">
    <failure message="Status expected:&lt;200&gt; but was:&lt;404&gt;" type="java.lang.AssertionError">java.lang.AssertionError: Status expected:&lt;200&gt; but was:&lt;404&gt;
	at org.springframework.test.util.AssertionErrors.fail(AssertionErrors.java:55)
	at org.springframework.test.util.AssertionErrors.assertEquals(AssertionErrors.java:82)
	at org.springframework.test.web.servlet.result.StatusResultMatchers.lambda$matcher$9(StatusResultMatchers.java:619)
	at org.springframework.test.web.servlet.MockMvc$1.andExpect(MockMvc.java:195)
	at com.hackerrank.stocktrade.requests.TradesControllerTest.findTradeById(TradesControllerTest.java:294)
	at java.base/jdk.internal.reflect.NativeMethodAccessorImpl.invoke0(Native Method)
	at java.base/jdk.internal.reflect.NativeMethodAccessorImpl.invoke(NativeMethodAccessorImpl.java:62)
	at java.base/jdk.internal.reflect.DelegatingMethodAccessorImpl.invoke(DelegatingMethodAccessorImpl.java:43)
	at java.base/java.lang.reflect.Method.invoke(Method.java:564)
	at org.junit.runners.model.FrameworkMethod$1.runReflectiveCall(FrameworkMethod.java:50)
	at org.junit.internal.runners.model.ReflectiveCallable.run(ReflectiveCallable.java:12)
	at org.junit.runners.model.FrameworkMethod.invokeExplosively(FrameworkMethod.java:47)
	at org.junit.internal.runners.statements.InvokeMethod.evaluate(InvokeMethod.java:17)
	at org.springframework.test.context.junit4.statements.RunBeforeTestMethodCallbacks.evaluate(RunBeforeTestMethodCallbacks.java:75)
	at org.springframework.test.context.junit4.statements.RunAfterTestMethodCallbacks.evaluate(RunAfterTestMethodCallbacks.java:86)
	at org.springframework.test.context.junit4.statements.RunPrepareTestInstanceCallbacks.evaluate(RunPrepareTestInstanceCallbacks.java:64)
	at org.springframework.test.context.junit4.statements.SpringRepeat.evaluate(SpringRepeat.java:84)
	at org.springframework.test.context.junit4.statements.SpringFailOnTimeout.evaluate(SpringFailOnTimeout.java:87)
	at org.springframework.test.context.junit4.statements.ProfileValueChecker.evaluate(ProfileValueChecker.java:103)
	at org.junit.rules.TestWatcher$1.evaluate(TestWatcher.java:55)
	at org.junit.rules.RunRules.evaluate(RunRules.java:20)
	at org.junit.runners.ParentRunner.runLeaf(ParentRunner.java:325)
	at org.junit.runners.BlockJUnit4ClassRunner.runChild(BlockJUnit4ClassRunner.java:78)
	at org.junit.runners.BlockJUnit4ClassRunner.runChild(BlockJUnit4ClassRunner.java:57)
	at org.junit.runners.ParentRunner$3.run(ParentRunner.java:290)
	at org.junit.runners.ParentRunner$1.schedule(ParentRunner.java:71)
	at org.junit.runners.ParentRunner.runChildren(ParentRunner.java:288)
	at org.junit.runners.ParentRunner.access$000(ParentRunner.java:58)
	at org.junit.runners.ParentRunner$2.evaluate(ParentRunner.java:268)
	at org.junit.internal.runners.statements.RunBefores.evaluate(RunBefores.java:26)
	at org.junit.internal.runners.statements.RunAfters.evaluate(RunAfters.java:27)
	at org.springframework.test.context.junit4.statements.RunBeforeTestClassCallbacks.evaluate(RunBeforeTestClassCallbacks.java:61)
	at org.springframework.test.context.junit4.statements.RunAfterTestClassCallbacks.evaluate(RunAfterTestClassCallbacks.java:70)
	at org.springframework.test.context.junit4.statements.ProfileValueChecker.evaluate(ProfileValueChecker.java:103)
	at org.springframework.test.context.junit4.rules.SpringClassRule$TestContextManagerCacheEvictor.evaluate(SpringClassRule.java:190)
	at org.junit.rules.RunRules.evaluate(RunRules.java:20)
	at org.junit.runners.ParentRunner.run(ParentRunner.java:363)
	at org.junit.runners.Suite.runChild(Suite.java:128)
	at org.junit.runners.Suite.runChild(Suite.java:27)
	at org.junit.runners.ParentRunner$3.run(ParentRunner.java:290)
	at org.junit.runners.ParentRunner$1.schedule(ParentRunner.java:71)
	at org.junit.runners.ParentRunner.runChildren(ParentRunner.java:288)
	at org.junit.runners.ParentRunner.access$000(ParentRunner.java:58)
	at org.junit.runners.ParentRunner$2.evaluate(ParentRunner.java:268)
	at org.junit.internal.runners.statements.RunAfters.evaluate(RunAfters.java:27)
	at org.junit.runners.ParentRunner.run(ParentRunner.java:363)
	at org.apache.maven.surefire.junit4.JUnit4Provider.execute(JUnit4Provider.java:252)
	at org.apache.maven.surefire.junit4.JUnit4Provider.executeTestSet(JUnit4Provider.java:141)
	at org.apache.maven.surefire.junit4.JUnit4Provider.invoke(JUnit4Provider.java:112)
	at java.base/jdk.internal.reflect.NativeMethodAccessorImpl.invoke0(Native Method)
	at java.base/jdk.internal.reflect.NativeMethodAccessorImpl.invoke(NativeMethodAccessorImpl.java:62)
	at java.base/jdk.internal.reflect.DelegatingMethodAccessorImpl.invoke(DelegatingMethodAccessorImpl.java:43)
	at java.base/java.lang.reflect.Method.invoke(Method.java:564)
	at org.apache.maven.surefire.util.ReflectionUtils.invokeMethodWithArray(ReflectionUtils.java:189)
	at org.apache.maven.surefire.booter.ProviderFactory$ProviderProxy.invoke(ProviderFactory.java:165)
	at org.apache.maven.surefire.booter.ProviderFactory.invokeProvider(ProviderFactory.java:85)
	at org.apache.maven.surefire.booter.ForkedBooter.runSuitesInProcess(ForkedBooter.java:115)
	at org.apache.maven.surefire.booter.ForkedBooter.main(ForkedBooter.java:75)
</failure>
    <system-out>
MockHttpServletRequest:
      HTTP Method = POST
      Request URI = /trades
       Parameters = {}
          Headers = {Content-Type=[application/json;charset=UTF-8]}
             Body = {&quot;id&quot;: 1, &quot;type&quot;: &quot;buy&quot;, &quot;user&quot;: {&quot;id&quot;: 2, &quot;name&quot;: &quot;Amy Palmer&quot;}, &quot;symbol&quot;: &quot;AA&quot;, &quot;shares&quot;: 11, &quot;price&quot;: 174.82, &quot;timestamp&quot;: &quot;2018-12-28 13:18:48&quot;}
    Session Attrs = {}

Handler:
             Type = org.springframework.web.servlet.resource.ResourceHttpRequestHandler

Async:
    Async started = false
     Async result = null

Resolved Exception:
             Type = null

ModelAndView:
        View name = null
             View = null
            Model = null

FlashMap:
       Attributes = null

MockHttpServletResponse:
           Status = 404
    Error message = null
          Headers = {}
     Content type = null
             Body = 
    Forwarded URL = null
   Redirected URL = null
          Cookies = []

MockHttpServletRequest:
      HTTP Method = POST
      Request URI = /trades
       Parameters = {}
          Headers = {Content-Type=[application/json;charset=UTF-8]}
             Body = {&quot;id&quot;: 1, &quot;type&quot;: &quot;buy&quot;, &quot;user&quot;: {&quot;id&quot;: 2, &quot;name&quot;: &quot;Amy Palmer&quot;}, &quot;symbol&quot;: &quot;AA&quot;, &quot;shares&quot;: 11, &quot;price&quot;: 174.82, &quot;timestamp&quot;: &quot;2018-12-28 13:18:48&quot;}
    Session Attrs = {}

Handler:
             Type = org.springframework.web.servlet.resource.ResourceHttpRequestHandler

Async:
    Async started = false
     Async result = null

Resolved Exception:
             Type = null

ModelAndView:
        View name = null
             View = null
            Model = null

FlashMap:
       Attributes = null

MockHttpServletResponse:
           Status = 404
    Error message = null
          Headers = {}
     Content type = null
             Body = 
    Forwarded URL = null
   Redirected URL = null
          Cookies = []

MockHttpServletRequest:
      HTTP Method = GET
      Request URI = /trades/1
       Parameters = {}
          Headers = {}
             Body = null
    Session Attrs = {}

Handler:
             Type = org.springframework.web.servlet.resource.ResourceHttpRequestHandler

Async:
    Async started = false
     Async result = null

Resolved Exception:
             Type = null

ModelAndView:
        View name = null
             View = null
            Model = null

FlashMap:
       Attributes = null

MockHttpServletResponse:
           Status = 404
    Error message = null
          Headers = {}
     Content type = null
             Body = 
    Forwarded URL = null
   Redirected URL = null
          Cookies = []

&amp;#27;[0;31mfindTradeById(com.hackerrank.stocktrade.requests.TradesControllerTest)&amp;#27;[0m
&amp;#27;[0;31mjava.lang.AssertionError: Status expected:&lt;200&gt; but was:&lt;404&gt;&amp;#27;[0m
&amp;#27;[0;31m	at org.springframework.test.util.AssertionErrors.fail(AssertionErrors.java:55)&amp;#27;[0m
&amp;#27;[0;31m	at org.springframework.test.util.AssertionErrors.assertEquals(AssertionErrors.java:82)&amp;#27;[0m
&amp;#27;[0;31m	at org.springframework.test.web.servlet.result.StatusResultMatchers.lambda$matcher$9(StatusResultMatchers.java:619)&amp;#27;[0m
&amp;#27;[0;31m	at org.springframework.test.web.servlet.MockMvc$1.andExpect(MockMvc.java:195)&amp;#27;[0m
&amp;#27;[0;31m	at com.hackerrank.stocktrade.requests.TradesControllerTest.findTradeById(TradesControllerTest.java:294)&amp;#27;[0m
&amp;#27;[0;31m	at java.base/jdk.internal.reflect.NativeMethodAccessorImpl.invoke0(Native Method)&amp;#27;[0m
&amp;#27;[0;31m	at java.base/jdk.internal.reflect.NativeMethodAccessorImpl.invoke(NativeMethodAccessorImpl.java:62)&amp;#27;[0m
&amp;#27;[0;31m	at java.base/jdk.internal.reflect.DelegatingMethodAccessorImpl.invoke(DelegatingMethodAccessorImpl.java:43)&amp;#27;[0m
&amp;#27;[0;31m	at java.base/java.lang.reflect.Method.invoke(Method.java:564)&amp;#27;[0m
&amp;#27;[0;31m	at org.junit.runners.model.FrameworkMethod$1.runReflectiveCall(FrameworkMethod.java:50)&amp;#27;[0m
&amp;#27;[0;31m	at org.junit.internal.runners.model.ReflectiveCallable.run(ReflectiveCallable.java:12)&amp;#27;[0m
&amp;#27;[0;31m	at org.junit.runners.model.FrameworkMethod.invokeExplosively(FrameworkMethod.java:47)&amp;#27;[0m
&amp;#27;[0;31m	at org.junit.internal.runners.statements.InvokeMethod.evaluate(InvokeMethod.java:17)&amp;#27;[0m
&amp;#27;[0;31m	at org.springframework.test.context.junit4.statements.RunBeforeTestMethodCallbacks.evaluate(RunBeforeTestMethodCallbacks.java:75)&amp;#27;[0m
&amp;#27;[0;31m	at org.springframework.test.context.junit4.statements.RunAfterTestMethodCallbacks.evaluate(RunAfterTestMethodCallbacks.java:86)&amp;#27;[0m
&amp;#27;[0;31m	at org.springframework.test.context.junit4.statements.RunPrepareTestInstanceCallbacks.evaluate(RunPrepareTestInstanceCallbacks.java:64)&amp;#27;[0m
&amp;#27;[0;31m	at org.springframework.test.context.junit4.statements.SpringRepeat.evaluate(SpringRepeat.java:84)&amp;#27;[0m
&amp;#27;[0;31m	at org.springframework.test.context.junit4.statements.SpringFailOnTimeout.evaluate(SpringFailOnTimeout.java:87)&amp;#27;[0m
&amp;#27;[0;31m	at org.springframework.test.context.junit4.statements.ProfileValueChecker.evaluate(ProfileValueChecker.java:103)&amp;#27;[0m
&amp;#27;[0;31m	at org.junit.rules.TestWatcher$1.evaluate(TestWatcher.java:55)&amp;#27;[0m
&amp;#27;[0;31m	at org.junit.rules.RunRules.evaluate(RunRules.java:20)&amp;#27;[0m
&amp;#27;[0;31m	at org.junit.runners.ParentRunner.runLeaf(ParentRunner.java:325)&amp;#27;[0m
&amp;#27;[0;31m	at org.junit.runners.BlockJUnit4ClassRunner.runChild(BlockJUnit4ClassRunner.java:78)&amp;#27;[0m
&amp;#27;[0;31m	at org.junit.runners.BlockJUnit4ClassRunner.runChild(BlockJUnit4ClassRunner.java:57)&amp;#27;[0m
&amp;#27;[0;31m	at org.junit.runners.ParentRunner$3.run(ParentRunner.java:290)&amp;#27;[0m
&amp;#27;[0;31m	at org.junit.runners.ParentRunner$1.schedule(ParentRunner.java:71)&amp;#27;[0m
&amp;#27;[0;31m	at org.junit.runners.ParentRunner.runChildren(ParentRunner.java:288)&amp;#27;[0m
&amp;#27;[0;31m	at org.junit.runners.ParentRunner.access$000(ParentRunner.java:58)&amp;#27;[0m
&amp;#27;[0;31m	at org.junit.runners.ParentRunner$2.evaluate(ParentRunner.java:268)&amp;#27;[0m
&amp;#27;[0;31m	at org.junit.internal.runners.statements.RunBefores.evaluate(RunBefores.java:26)&amp;#27;[0m
&amp;#27;[0;31m	at org.junit.internal.runners.statements.RunAfters.evaluate(RunAfters.java:27)&amp;#27;[0m
&amp;#27;[0;31m	at org.springframework.test.context.junit4.statements.RunBeforeTestClassCallbacks.evaluate(RunBeforeTestClassCallbacks.java:61)&amp;#27;[0m
&amp;#27;[0;31m	at org.springframework.test.context.junit4.statements.RunAfterTestClassCallbacks.evaluate(RunAfterTestClassCallbacks.java:70)&amp;#27;[0m
&amp;#27;[0;31m	at org.springframework.test.context.junit4.statements.ProfileValueChecker.evaluate(ProfileValueChecker.java:103)&amp;#27;[0m
&amp;#27;[0;31m	at org.springframework.test.context.junit4.rules.SpringClassRule$TestContextManagerCacheEvictor.evaluate(SpringClassRule.java:190)&amp;#27;[0m
&amp;#27;[0;31m	at org.junit.rules.RunRules.evaluate(RunRules.java:20)&amp;#27;[0m
&amp;#27;[0;31m	at org.junit.runners.ParentRunner.run(ParentRunner.java:363)&amp;#27;[0m
&amp;#27;[0;31m	at org.junit.runners.Suite.runChild(Suite.java:128)&amp;#27;[0m
&amp;#27;[0;31m	at org.junit.runners.Suite.runChild(Suite.java:27)&amp;#27;[0m
&amp;#27;[0;31m	at org.junit.runners.ParentRunner$3.run(ParentRunner.java:290)&amp;#27;[0m
&amp;#27;[0;31m	at org.junit.runners.ParentRunner$1.schedule(ParentRunner.java:71)&amp;#27;[0m
&amp;#27;[0;31m	at org.junit.runners.ParentRunner.runChildren(ParentRunner.java:288)&amp;#27;[0m
&amp;#27;[0;31m	at org.junit.runners.ParentRunner.access$000(ParentRunner.java:58)&amp;#27;[0m
&amp;#27;[0;31m	at org.junit.runners.ParentRunner$2.evaluate(ParentRunner.java:268)&amp;#27;[0m
&amp;#27;[0;31m	at org.junit.internal.runners.statements.RunAfters.evaluate(RunAfters.java:27)&amp;#27;[0m
&amp;#27;[0;31m	at org.junit.runners.ParentRunner.run(ParentRunner.java:363)&amp;#27;[0m
&amp;#27;[0;31m	at org.apache.maven.surefire.junit4.JUnit4Provider.execute(JUnit4Provider.java:252)&amp;#27;[0m
&amp;#27;[0;31m	at org.apache.maven.surefire.junit4.JUnit4Provider.executeTestSet(JUnit4Provider.java:141)&amp;#27;[0m
&amp;#27;[0;31m	at org.apache.maven.surefire.junit4.JUnit4Provider.invoke(JUnit4Provider.java:112)&amp;#27;[0m
&amp;#27;[0;31m	at java.base/jdk.internal.reflect.NativeMethodAccessorImpl.invoke0(Native Method)&amp;#27;[0m
&amp;#27;[0;31m	at java.base/jdk.internal.reflect.NativeMethodAccessorImpl.invoke(NativeMethodAccessorImpl.java:62)&amp;#27;[0m
&amp;#27;[0;31m	at java.base/jdk.internal.reflect.DelegatingMethodAccessorImpl.invoke(DelegatingMethodAccessorImpl.java:43)&amp;#27;[0m
&amp;#27;[0;31m	at java.base/java.lang.reflect.Method.invoke(Method.java:564)&amp;#27;[0m
&amp;#27;[0;31m	at org.apache.maven.surefire.util.ReflectionUtils.invokeMethodWithArray(ReflectionUtils.java:189)&amp;#27;[0m
&amp;#27;[0;31m	at org.apache.maven.surefire.booter.ProviderFactory$ProviderProxy.invoke(ProviderFactory.java:165)&amp;#27;[0m
&amp;#27;[0;31m	at org.apache.maven.surefire.booter.ProviderFactory.invokeProvider(ProviderFactory.java:85)&amp;#27;[0m
&amp;#27;[0;31m	at org.apache.maven.surefire.booter.ForkedBooter.runSuitesInProcess(ForkedBooter.java:115)&amp;#27;[0m
&amp;#27;[0;31m	at org.apache.maven.surefire.booter.ForkedBooter.main(ForkedBooter.java:75)&amp;#27;[0m
</system-out>
  </testcase>
  <testcase classname="com.hackerrank.stocktrade.requests.TradesControllerTest" name="findTradeByNonExistingId" time="0.005"/>
  <testcase classname="com.hackerrank.stocktrade.requests.TradesControllerTest" name="findAllTradesByStockSymbol" time="0.008">
    <failure message="Status expected:&lt;200&gt; but was:&lt;404&gt;" type="java.lang.AssertionError">java.lang.AssertionError: Status expected:&lt;200&gt; but was:&lt;404&gt;
	at org.springframework.test.util.AssertionErrors.fail(AssertionErrors.java:55)
	at org.springframework.test.util.AssertionErrors.assertEquals(AssertionErrors.java:82)
	at org.springframework.test.web.servlet.result.StatusResultMatchers.lambda$matcher$9(StatusResultMatchers.java:619)
	at org.springframework.test.web.servlet.MockMvc$1.andExpect(MockMvc.java:195)
	at com.hackerrank.stocktrade.requests.TradesControllerTest.findAllTradesByStockSymbol(TradesControllerTest.java:365)
	at java.base/jdk.internal.reflect.NativeMethodAccessorImpl.invoke0(Native Method)
	at java.base/jdk.internal.reflect.NativeMethodAccessorImpl.invoke(NativeMethodAccessorImpl.java:62)
	at java.base/jdk.internal.reflect.DelegatingMethodAccessorImpl.invoke(DelegatingMethodAccessorImpl.java:43)
	at java.base/java.lang.reflect.Method.invoke(Method.java:564)
	at org.junit.runners.model.FrameworkMethod$1.runReflectiveCall(FrameworkMethod.java:50)
	at org.junit.internal.runners.model.ReflectiveCallable.run(ReflectiveCallable.java:12)
	at org.junit.runners.model.FrameworkMethod.invokeExplosively(FrameworkMethod.java:47)
	at org.junit.internal.runners.statements.InvokeMethod.evaluate(InvokeMethod.java:17)
	at org.springframework.test.context.junit4.statements.RunBeforeTestMethodCallbacks.evaluate(RunBeforeTestMethodCallbacks.java:75)
	at org.springframework.test.context.junit4.statements.RunAfterTestMethodCallbacks.evaluate(RunAfterTestMethodCallbacks.java:86)
	at org.springframework.test.context.junit4.statements.RunPrepareTestInstanceCallbacks.evaluate(RunPrepareTestInstanceCallbacks.java:64)
	at org.springframework.test.context.junit4.statements.SpringRepeat.evaluate(SpringRepeat.java:84)
	at org.springframework.test.context.junit4.statements.SpringFailOnTimeout.evaluate(SpringFailOnTimeout.java:87)
	at org.springframework.test.context.junit4.statements.ProfileValueChecker.evaluate(ProfileValueChecker.java:103)
	at org.junit.rules.TestWatcher$1.evaluate(TestWatcher.java:55)
	at org.junit.rules.RunRules.evaluate(RunRules.java:20)
	at org.junit.runners.ParentRunner.runLeaf(ParentRunner.java:325)
	at org.junit.runners.BlockJUnit4ClassRunner.runChild(BlockJUnit4ClassRunner.java:78)
	at org.junit.runners.BlockJUnit4ClassRunner.runChild(BlockJUnit4ClassRunner.java:57)
	at org.junit.runners.ParentRunner$3.run(ParentRunner.java:290)
	at org.junit.runners.ParentRunner$1.schedule(ParentRunner.java:71)
	at org.junit.runners.ParentRunner.runChildren(ParentRunner.java:288)
	at org.junit.runners.ParentRunner.access$000(ParentRunner.java:58)
	at org.junit.runners.ParentRunner$2.evaluate(ParentRunner.java:268)
	at org.junit.internal.runners.statements.RunBefores.evaluate(RunBefores.java:26)
	at org.junit.internal.runners.statements.RunAfters.evaluate(RunAfters.java:27)
	at org.springframework.test.context.junit4.statements.RunBeforeTestClassCallbacks.evaluate(RunBeforeTestClassCallbacks.java:61)
	at org.springframework.test.context.junit4.statements.RunAfterTestClassCallbacks.evaluate(RunAfterTestClassCallbacks.java:70)
	at org.springframework.test.context.junit4.statements.ProfileValueChecker.evaluate(ProfileValueChecker.java:103)
	at org.springframework.test.context.junit4.rules.SpringClassRule$TestContextManagerCacheEvictor.evaluate(SpringClassRule.java:190)
	at org.junit.rules.RunRules.evaluate(RunRules.java:20)
	at org.junit.runners.ParentRunner.run(ParentRunner.java:363)
	at org.junit.runners.Suite.runChild(Suite.java:128)
	at org.junit.runners.Suite.runChild(Suite.java:27)
	at org.junit.runners.ParentRunner$3.run(ParentRunner.java:290)
	at org.junit.runners.ParentRunner$1.schedule(ParentRunner.java:71)
	at org.junit.runners.ParentRunner.runChildren(ParentRunner.java:288)
	at org.junit.runners.ParentRunner.access$000(ParentRunner.java:58)
	at org.junit.runners.ParentRunner$2.evaluate(ParentRunner.java:268)
	at org.junit.internal.runners.statements.RunAfters.evaluate(RunAfters.java:27)
	at org.junit.runners.ParentRunner.run(ParentRunner.java:363)
	at org.apache.maven.surefire.junit4.JUnit4Provider.execute(JUnit4Provider.java:252)
	at org.apache.maven.surefire.junit4.JUnit4Provider.executeTestSet(JUnit4Provider.java:141)
	at org.apache.maven.surefire.junit4.JUnit4Provider.invoke(JUnit4Provider.java:112)
	at java.base/jdk.internal.reflect.NativeMethodAccessorImpl.invoke0(Native Method)
	at java.base/jdk.internal.reflect.NativeMethodAccessorImpl.invoke(NativeMethodAccessorImpl.java:62)
	at java.base/jdk.internal.reflect.DelegatingMethodAccessorImpl.invoke(DelegatingMethodAccessorImpl.java:43)
	at java.base/java.lang.reflect.Method.invoke(Method.java:564)
	at org.apache.maven.surefire.util.ReflectionUtils.invokeMethodWithArray(ReflectionUtils.java:189)
	at org.apache.maven.surefire.booter.ProviderFactory$ProviderProxy.invoke(ProviderFactory.java:165)
	at org.apache.maven.surefire.booter.ProviderFactory.invokeProvider(ProviderFactory.java:85)
	at org.apache.maven.surefire.booter.ForkedBooter.runSuitesInProcess(ForkedBooter.java:115)
	at org.apache.maven.surefire.booter.ForkedBooter.main(ForkedBooter.java:75)
</failure>
    <system-out>
MockHttpServletRequest:
      HTTP Method = POST
      Request URI = /trades
       Parameters = {}
          Headers = {Content-Type=[application/json;charset=UTF-8]}
             Body = {&quot;id&quot;: 1, &quot;type&quot;: &quot;buy&quot;, &quot;user&quot;: {&quot;id&quot;: 2, &quot;name&quot;: &quot;Amy Palmer&quot;}, &quot;symbol&quot;: &quot;AA&quot;, &quot;shares&quot;: 11, &quot;price&quot;: 174.82, &quot;timestamp&quot;: &quot;2018-12-28 13:18:48&quot;}
    Session Attrs = {}

Handler:
             Type = org.springframework.web.servlet.resource.ResourceHttpRequestHandler

Async:
    Async started = false
     Async result = null

Resolved Exception:
             Type = null

ModelAndView:
        View name = null
             View = null
            Model = null

FlashMap:
       Attributes = null

MockHttpServletResponse:
           Status = 404
    Error message = null
          Headers = {}
     Content type = null
             Body = 
    Forwarded URL = null
   Redirected URL = null
          Cookies = []

MockHttpServletRequest:
      HTTP Method = POST
      Request URI = /trades
       Parameters = {}
          Headers = {Content-Type=[application/json;charset=UTF-8]}
             Body = {&quot;id&quot;: 1, &quot;type&quot;: &quot;buy&quot;, &quot;user&quot;: {&quot;id&quot;: 2, &quot;name&quot;: &quot;Amy Palmer&quot;}, &quot;symbol&quot;: &quot;AA&quot;, &quot;shares&quot;: 11, &quot;price&quot;: 174.82, &quot;timestamp&quot;: &quot;2018-12-28 13:18:48&quot;}
    Session Attrs = {}

Handler:
             Type = org.springframework.web.servlet.resource.ResourceHttpRequestHandler

Async:
    Async started = false
     Async result = null

Resolved Exception:
             Type = null

ModelAndView:
        View name = null
             View = null
            Model = null

FlashMap:
       Attributes = null

MockHttpServletResponse:
           Status = 404
    Error message = null
          Headers = {}
     Content type = null
             Body = 
    Forwarded URL = null
   Redirected URL = null
          Cookies = []

MockHttpServletRequest:
      HTTP Method = GET
      Request URI = /trades/1
       Parameters = {}
          Headers = {}
             Body = null
    Session Attrs = {}

Handler:
             Type = org.springframework.web.servlet.resource.ResourceHttpRequestHandler

Async:
    Async started = false
     Async result = null

Resolved Exception:
             Type = null

ModelAndView:
        View name = null
             View = null
            Model = null

FlashMap:
       Attributes = null

MockHttpServletResponse:
           Status = 404
    Error message = null
          Headers = {}
     Content type = null
             Body = 
    Forwarded URL = null
   Redirected URL = null
          Cookies = []

MockHttpServletRequest:
      HTTP Method = GET
      Request URI = /trades/7
       Parameters = {}
          Headers = {}
             Body = null
    Session Attrs = {}

Handler:
             Type = org.springframework.web.servlet.resource.ResourceHttpRequestHandler

Async:
    Async started = false
     Async result = null

Resolved Exception:
             Type = null

ModelAndView:
        View name = null
             View = null
            Model = null

FlashMap:
       Attributes = null

MockHttpServletResponse:
           Status = 404
    Error message = null
          Headers = {}
     Content type = null
             Body = 
    Forwarded URL = null
   Redirected URL = null
          Cookies = []

MockHttpServletRequest:
      HTTP Method = GET
      Request URI = /trades/stocks/A
       Parameters = {}
          Headers = {}
             Body = null
    Session Attrs = {}

Handler:
             Type = org.springframework.web.servlet.resource.ResourceHttpRequestHandler

Async:
    Async started = false
     Async result = null

Resolved Exception:
             Type = null

ModelAndView:
        View name = null
             View = null
            Model = null

FlashMap:
       Attributes = null

MockHttpServletResponse:
           Status = 404
    Error message = null
          Headers = {}
     Content type = null
             Body = 
    Forwarded URL = null
   Redirected URL = null
          Cookies = []

&amp;#27;[0;31mfindAllTradesByStockSymbol(com.hackerrank.stocktrade.requests.TradesControllerTest)&amp;#27;[0m
&amp;#27;[0;31mjava.lang.AssertionError: Status expected:&lt;200&gt; but was:&lt;404&gt;&amp;#27;[0m
&amp;#27;[0;31m	at org.springframework.test.util.AssertionErrors.fail(AssertionErrors.java:55)&amp;#27;[0m
&amp;#27;[0;31m	at org.springframework.test.util.AssertionErrors.assertEquals(AssertionErrors.java:82)&amp;#27;[0m
&amp;#27;[0;31m	at org.springframework.test.web.servlet.result.StatusResultMatchers.lambda$matcher$9(StatusResultMatchers.java:619)&amp;#27;[0m
&amp;#27;[0;31m	at org.springframework.test.web.servlet.MockMvc$1.andExpect(MockMvc.java:195)&amp;#27;[0m
&amp;#27;[0;31m	at com.hackerrank.stocktrade.requests.TradesControllerTest.findAllTradesByStockSymbol(TradesControllerTest.java:365)&amp;#27;[0m
&amp;#27;[0;31m	at java.base/jdk.internal.reflect.NativeMethodAccessorImpl.invoke0(Native Method)&amp;#27;[0m
&amp;#27;[0;31m	at java.base/jdk.internal.reflect.NativeMethodAccessorImpl.invoke(NativeMethodAccessorImpl.java:62)&amp;#27;[0m
&amp;#27;[0;31m	at java.base/jdk.internal.reflect.DelegatingMethodAccessorImpl.invoke(DelegatingMethodAccessorImpl.java:43)&amp;#27;[0m
&amp;#27;[0;31m	at java.base/java.lang.reflect.Method.invoke(Method.java:564)&amp;#27;[0m
&amp;#27;[0;31m	at org.junit.runners.model.FrameworkMethod$1.runReflectiveCall(FrameworkMethod.java:50)&amp;#27;[0m
&amp;#27;[0;31m	at org.junit.internal.runners.model.ReflectiveCallable.run(ReflectiveCallable.java:12)&amp;#27;[0m
&amp;#27;[0;31m	at org.junit.runners.model.FrameworkMethod.invokeExplosively(FrameworkMethod.java:47)&amp;#27;[0m
&amp;#27;[0;31m	at org.junit.internal.runners.statements.InvokeMethod.evaluate(InvokeMethod.java:17)&amp;#27;[0m
&amp;#27;[0;31m	at org.springframework.test.context.junit4.statements.RunBeforeTestMethodCallbacks.evaluate(RunBeforeTestMethodCallbacks.java:75)&amp;#27;[0m
&amp;#27;[0;31m	at org.springframework.test.context.junit4.statements.RunAfterTestMethodCallbacks.evaluate(RunAfterTestMethodCallbacks.java:86)&amp;#27;[0m
&amp;#27;[0;31m	at org.springframework.test.context.junit4.statements.RunPrepareTestInstanceCallbacks.evaluate(RunPrepareTestInstanceCallbacks.java:64)&amp;#27;[0m
&amp;#27;[0;31m	at org.springframework.test.context.junit4.statements.SpringRepeat.evaluate(SpringRepeat.java:84)&amp;#27;[0m
&amp;#27;[0;31m	at org.springframework.test.context.junit4.statements.SpringFailOnTimeout.evaluate(SpringFailOnTimeout.java:87)&amp;#27;[0m
&amp;#27;[0;31m	at org.springframework.test.context.junit4.statements.ProfileValueChecker.evaluate(ProfileValueChecker.java:103)&amp;#27;[0m
&amp;#27;[0;31m	at org.junit.rules.TestWatcher$1.evaluate(TestWatcher.java:55)&amp;#27;[0m
&amp;#27;[0;31m	at org.junit.rules.RunRules.evaluate(RunRules.java:20)&amp;#27;[0m
&amp;#27;[0;31m	at org.junit.runners.ParentRunner.runLeaf(ParentRunner.java:325)&amp;#27;[0m
&amp;#27;[0;31m	at org.junit.runners.BlockJUnit4ClassRunner.runChild(BlockJUnit4ClassRunner.java:78)&amp;#27;[0m
&amp;#27;[0;31m	at org.junit.runners.BlockJUnit4ClassRunner.runChild(BlockJUnit4ClassRunner.java:57)&amp;#27;[0m
&amp;#27;[0;31m	at org.junit.runners.ParentRunner$3.run(ParentRunner.java:290)&amp;#27;[0m
&amp;#27;[0;31m	at org.junit.runners.ParentRunner$1.schedule(ParentRunner.java:71)&amp;#27;[0m
&amp;#27;[0;31m	at org.junit.runners.ParentRunner.runChildren(ParentRunner.java:288)&amp;#27;[0m
&amp;#27;[0;31m	at org.junit.runners.ParentRunner.access$000(ParentRunner.java:58)&amp;#27;[0m
&amp;#27;[0;31m	at org.junit.runners.ParentRunner$2.evaluate(ParentRunner.java:268)&amp;#27;[0m
&amp;#27;[0;31m	at org.junit.internal.runners.statements.RunBefores.evaluate(RunBefores.java:26)&amp;#27;[0m
&amp;#27;[0;31m	at org.junit.internal.runners.statements.RunAfters.evaluate(RunAfters.java:27)&amp;#27;[0m
&amp;#27;[0;31m	at org.springframework.test.context.junit4.statements.RunBeforeTestClassCallbacks.evaluate(RunBeforeTestClassCallbacks.java:61)&amp;#27;[0m
&amp;#27;[0;31m	at org.springframework.test.context.junit4.statements.RunAfterTestClassCallbacks.evaluate(RunAfterTestClassCallbacks.java:70)&amp;#27;[0m
&amp;#27;[0;31m	at org.springframework.test.context.junit4.statements.ProfileValueChecker.evaluate(ProfileValueChecker.java:103)&amp;#27;[0m
&amp;#27;[0;31m	at org.springframework.test.context.junit4.rules.SpringClassRule$TestContextManagerCacheEvictor.evaluate(SpringClassRule.java:190)&amp;#27;[0m
&amp;#27;[0;31m	at org.junit.rules.RunRules.evaluate(RunRules.java:20)&amp;#27;[0m
&amp;#27;[0;31m	at org.junit.runners.ParentRunner.run(ParentRunner.java:363)&amp;#27;[0m
&amp;#27;[0;31m	at org.junit.runners.Suite.runChild(Suite.java:128)&amp;#27;[0m
&amp;#27;[0;31m	at org.junit.runners.Suite.runChild(Suite.java:27)&amp;#27;[0m
&amp;#27;[0;31m	at org.junit.runners.ParentRunner$3.run(ParentRunner.java:290)&amp;#27;[0m
&amp;#27;[0;31m	at org.junit.runners.ParentRunner$1.schedule(ParentRunner.java:71)&amp;#27;[0m
&amp;#27;[0;31m	at org.junit.runners.ParentRunner.runChildren(ParentRunner.java:288)&amp;#27;[0m
&amp;#27;[0;31m	at org.junit.runners.ParentRunner.access$000(ParentRunner.java:58)&amp;#27;[0m
&amp;#27;[0;31m	at org.junit.runners.ParentRunner$2.evaluate(ParentRunner.java:268)&amp;#27;[0m
&amp;#27;[0;31m	at org.junit.internal.runners.statements.RunAfters.evaluate(RunAfters.java:27)&amp;#27;[0m
&amp;#27;[0;31m	at org.junit.runners.ParentRunner.run(ParentRunner.java:363)&amp;#27;[0m
&amp;#27;[0;31m	at org.apache.maven.surefire.junit4.JUnit4Provider.execute(JUnit4Provider.java:252)&amp;#27;[0m
&amp;#27;[0;31m	at org.apache.maven.surefire.junit4.JUnit4Provider.executeTestSet(JUnit4Provider.java:141)&amp;#27;[0m
&amp;#27;[0;31m	at org.apache.maven.surefire.junit4.JUnit4Provider.invoke(JUnit4Provider.java:112)&amp;#27;[0m
&amp;#27;[0;31m	at java.base/jdk.internal.reflect.NativeMethodAccessorImpl.invoke0(Native Method)&amp;#27;[0m
&amp;#27;[0;31m	at java.base/jdk.internal.reflect.NativeMethodAccessorImpl.invoke(NativeMethodAccessorImpl.java:62)&amp;#27;[0m
&amp;#27;[0;31m	at java.base/jdk.internal.reflect.DelegatingMethodAccessorImpl.invoke(DelegatingMethodAccessorImpl.java:43)&amp;#27;[0m
&amp;#27;[0;31m	at java.base/java.lang.reflect.Method.invoke(Method.java:564)&amp;#27;[0m
&amp;#27;[0;31m	at org.apache.maven.surefire.util.ReflectionUtils.invokeMethodWithArray(ReflectionUtils.java:189)&amp;#27;[0m
&amp;#27;[0;31m	at org.apache.maven.surefire.booter.ProviderFactory$ProviderProxy.invoke(ProviderFactory.java:165)&amp;#27;[0m
&amp;#27;[0;31m	at org.apache.maven.surefire.booter.ProviderFactory.invokeProvider(ProviderFactory.java:85)&amp;#27;[0m
&amp;#27;[0;31m	at org.apache.maven.surefire.booter.ForkedBooter.runSuitesInProcess(ForkedBooter.java:115)&amp;#27;[0m
&amp;#27;[0;31m	at org.apache.maven.surefire.booter.ForkedBooter.main(ForkedBooter.java:75)&amp;#27;[0m
</system-out>
  </testcase>
  <testcase classname="com.hackerrank.stocktrade.requests.TradesControllerTest" name="findAllTradesByNonExistingStockSymbol" time="0.004"/>
  <testcase classname="com.hackerrank.stocktrade.requests.TradesControllerTest" name="findAllTradesByUserId" time="0.008">
    <failure message="Status expected:&lt;200&gt; but was:&lt;404&gt;" type="java.lang.AssertionError">java.lang.AssertionError: Status expected:&lt;200&gt; but was:&lt;404&gt;
	at org.springframework.test.util.AssertionErrors.fail(AssertionErrors.java:55)
	at org.springframework.test.util.AssertionErrors.assertEquals(AssertionErrors.java:82)
	at org.springframework.test.web.servlet.result.StatusResultMatchers.lambda$matcher$9(StatusResultMatchers.java:619)
	at org.springframework.test.web.servlet.MockMvc$1.andExpect(MockMvc.java:195)
	at com.hackerrank.stocktrade.requests.TradesControllerTest.findAllTradesByUserId(TradesControllerTest.java:448)
	at java.base/jdk.internal.reflect.NativeMethodAccessorImpl.invoke0(Native Method)
	at java.base/jdk.internal.reflect.NativeMethodAccessorImpl.invoke(NativeMethodAccessorImpl.java:62)
	at java.base/jdk.internal.reflect.DelegatingMethodAccessorImpl.invoke(DelegatingMethodAccessorImpl.java:43)
	at java.base/java.lang.reflect.Method.invoke(Method.java:564)
	at org.junit.runners.model.FrameworkMethod$1.runReflectiveCall(FrameworkMethod.java:50)
	at org.junit.internal.runners.model.ReflectiveCallable.run(ReflectiveCallable.java:12)
	at org.junit.runners.model.FrameworkMethod.invokeExplosively(FrameworkMethod.java:47)
	at org.junit.internal.runners.statements.InvokeMethod.evaluate(InvokeMethod.java:17)
	at org.springframework.test.context.junit4.statements.RunBeforeTestMethodCallbacks.evaluate(RunBeforeTestMethodCallbacks.java:75)
	at org.springframework.test.context.junit4.statements.RunAfterTestMethodCallbacks.evaluate(RunAfterTestMethodCallbacks.java:86)
	at org.springframework.test.context.junit4.statements.RunPrepareTestInstanceCallbacks.evaluate(RunPrepareTestInstanceCallbacks.java:64)
	at org.springframework.test.context.junit4.statements.SpringRepeat.evaluate(SpringRepeat.java:84)
	at org.springframework.test.context.junit4.statements.SpringFailOnTimeout.evaluate(SpringFailOnTimeout.java:87)
	at org.springframework.test.context.junit4.statements.ProfileValueChecker.evaluate(ProfileValueChecker.java:103)
	at org.junit.rules.TestWatcher$1.evaluate(TestWatcher.java:55)
	at org.junit.rules.RunRules.evaluate(RunRules.java:20)
	at org.junit.runners.ParentRunner.runLeaf(ParentRunner.java:325)
	at org.junit.runners.BlockJUnit4ClassRunner.runChild(BlockJUnit4ClassRunner.java:78)
	at org.junit.runners.BlockJUnit4ClassRunner.runChild(BlockJUnit4ClassRunner.java:57)
	at org.junit.runners.ParentRunner$3.run(ParentRunner.java:290)
	at org.junit.runners.ParentRunner$1.schedule(ParentRunner.java:71)
	at org.junit.runners.ParentRunner.runChildren(ParentRunner.java:288)
	at org.junit.runners.ParentRunner.access$000(ParentRunner.java:58)
	at org.junit.runners.ParentRunner$2.evaluate(ParentRunner.java:268)
	at org.junit.internal.runners.statements.RunBefores.evaluate(RunBefores.java:26)
	at org.junit.internal.runners.statements.RunAfters.evaluate(RunAfters.java:27)
	at org.springframework.test.context.junit4.statements.RunBeforeTestClassCallbacks.evaluate(RunBeforeTestClassCallbacks.java:61)
	at org.springframework.test.context.junit4.statements.RunAfterTestClassCallbacks.evaluate(RunAfterTestClassCallbacks.java:70)
	at org.springframework.test.context.junit4.statements.ProfileValueChecker.evaluate(ProfileValueChecker.java:103)
	at org.springframework.test.context.junit4.rules.SpringClassRule$TestContextManagerCacheEvictor.evaluate(SpringClassRule.java:190)
	at org.junit.rules.RunRules.evaluate(RunRules.java:20)
	at org.junit.runners.ParentRunner.run(ParentRunner.java:363)
	at org.junit.runners.Suite.runChild(Suite.java:128)
	at org.junit.runners.Suite.runChild(Suite.java:27)
	at org.junit.runners.ParentRunner$3.run(ParentRunner.java:290)
	at org.junit.runners.ParentRunner$1.schedule(ParentRunner.java:71)
	at org.junit.runners.ParentRunner.runChildren(ParentRunner.java:288)
	at org.junit.runners.ParentRunner.access$000(ParentRunner.java:58)
	at org.junit.runners.ParentRunner$2.evaluate(ParentRunner.java:268)
	at org.junit.internal.runners.statements.RunAfters.evaluate(RunAfters.java:27)
	at org.junit.runners.ParentRunner.run(ParentRunner.java:363)
	at org.apache.maven.surefire.junit4.JUnit4Provider.execute(JUnit4Provider.java:252)
	at org.apache.maven.surefire.junit4.JUnit4Provider.executeTestSet(JUnit4Provider.java:141)
	at org.apache.maven.surefire.junit4.JUnit4Provider.invoke(JUnit4Provider.java:112)
	at java.base/jdk.internal.reflect.NativeMethodAccessorImpl.invoke0(Native Method)
	at java.base/jdk.internal.reflect.NativeMethodAccessorImpl.invoke(NativeMethodAccessorImpl.java:62)
	at java.base/jdk.internal.reflect.DelegatingMethodAccessorImpl.invoke(DelegatingMethodAccessorImpl.java:43)
	at java.base/java.lang.reflect.Method.invoke(Method.java:564)
	at org.apache.maven.surefire.util.ReflectionUtils.invokeMethodWithArray(ReflectionUtils.java:189)
	at org.apache.maven.surefire.booter.ProviderFactory$ProviderProxy.invoke(ProviderFactory.java:165)
	at org.apache.maven.surefire.booter.ProviderFactory.invokeProvider(ProviderFactory.java:85)
	at org.apache.maven.surefire.booter.ForkedBooter.runSuitesInProcess(ForkedBooter.java:115)
	at org.apache.maven.surefire.booter.ForkedBooter.main(ForkedBooter.java:75)
</failure>
    <system-out>
MockHttpServletRequest:
      HTTP Method = POST
      Request URI = /trades
       Parameters = {}
          Headers = {Content-Type=[application/json;charset=UTF-8]}
             Body = {&quot;id&quot;: 1, &quot;type&quot;: &quot;buy&quot;, &quot;user&quot;: {&quot;id&quot;: 2, &quot;name&quot;: &quot;Amy Palmer&quot;}, &quot;symbol&quot;: &quot;AA&quot;, &quot;shares&quot;: 11, &quot;price&quot;: 174.82, &quot;timestamp&quot;: &quot;2018-12-28 13:18:48&quot;}
    Session Attrs = {}

Handler:
             Type = org.springframework.web.servlet.resource.ResourceHttpRequestHandler

Async:
    Async started = false
     Async result = null

Resolved Exception:
             Type = null

ModelAndView:
        View name = null
             View = null
            Model = null

FlashMap:
       Attributes = null

MockHttpServletResponse:
           Status = 404
    Error message = null
          Headers = {}
     Content type = null
             Body = 
    Forwarded URL = null
   Redirected URL = null
          Cookies = []

MockHttpServletRequest:
      HTTP Method = POST
      Request URI = /trades
       Parameters = {}
          Headers = {Content-Type=[application/json;charset=UTF-8]}
             Body = {&quot;id&quot;: 1, &quot;type&quot;: &quot;buy&quot;, &quot;user&quot;: {&quot;id&quot;: 2, &quot;name&quot;: &quot;Amy Palmer&quot;}, &quot;symbol&quot;: &quot;AA&quot;, &quot;shares&quot;: 11, &quot;price&quot;: 174.82, &quot;timestamp&quot;: &quot;2018-12-28 13:18:48&quot;}
    Session Attrs = {}

Handler:
             Type = org.springframework.web.servlet.resource.ResourceHttpRequestHandler

Async:
    Async started = false
     Async result = null

Resolved Exception:
             Type = null

[...]
     Content type = null
             Body = 
    Forwarded URL = null
   Redirected URL = null
          Cookies = []

MockHttpServletRequest:
      HTTP Method = GET
      Request URI = /trades/stocks/A
       Parameters = {}
          Headers = {}
             Body = null
    Session Attrs = {}

Handler:
             Type = org.springframework.web.servlet.resource.ResourceHttpRequestHandler

Async:
    Async started = false
     Async result = null

Resolved Exception:
             Type = null

ModelAndView:
        View name = null
             View = null
            Model = null

FlashMap:
       Attributes = null

MockHttpServletResponse:
           Status = 404
    Error message = null
          Headers = {}
     Content type = null
             Body = 
    Forwarded URL = null
   Redirected URL = null
          Cookies = []

MockHttpServletRequest:
      HTTP Method = GET
      Request URI = /trades/stocks/AAP
       Parameters = {}
          Headers = {}
             Body = null
    Session Attrs = {}

Handler:
             Type = org.springframework.web.servlet.resource.ResourceHttpRequestHandler

Async:
    Async started = false
     Async result = null

Resolved Exception:
             Type = null

ModelAndView:
        View name = null
             View = null
            Model = null

FlashMap:
       Attributes = null

MockHttpServletResponse:
           Status = 404
    Error message = null
          Headers = {}
     Content type = null
             Body = 
    Forwarded URL = null
   Redirected URL = null
          Cookies = []

MockHttpServletRequest:
      HTTP Method = GET
      Request URI = /trades/users/1
       Parameters = {}
          Headers = {}
             Body = null
    Session Attrs = {}

Handler:
             Type = org.springframework.web.servlet.resource.ResourceHttpRequestHandler

Async:
    Async started = false
     Async result = null

Resolved Exception:
             Type = null

ModelAndView:
        View name = null
             View = null
            Model = null

FlashMap:
       Attributes = null

MockHttpServletResponse:
           Status = 404
    Error message = null
          Headers = {}
     Content type = null
             Body = 
    Forwarded URL = null
   Redirected URL = null
          Cookies = []

MockHttpServletRequest:
      HTTP Method = GET
      Request URI = /trades/users/3
       Parameters = {}
          Headers = {}
             Body = null
    Session Attrs = {}

Handler:
             Type = org.springframework.web.servlet.resource.ResourceHttpRequestHandler

Async:
    Async started = false
     Async result = null

Resolved Exception:
             Type = null

ModelAndView:
        View name = null
             View = null
            Model = null

FlashMap:
       Attributes = null

MockHttpServletResponse:
           Status = 404
    Error message = null
          Headers = {}
     Content type = null
             Body = 
    Forwarded URL = null
   Redirected URL = null
          Cookies = []

MockHttpServletRequest:
      HTTP Method = GET
      Request URI = /trades/users/1/stocks/A
       Parameters = {}
          Headers = {}
             Body = null
    Session Attrs = {}

Handler:
             Type = org.springframework.web.servlet.resource.ResourceHttpRequestHandler

Async:
    Async started = false
     Async result = null

Resolved Exception:
             Type = null

ModelAndView:
        View name = null
             View = null
            Model = null

FlashMap:
       Attributes = null

MockHttpServletResponse:
           Status = 404
    Error message = null
          Headers = {}
     Content type = null
             Body = 
    Forwarded URL = null
   Redirected URL = null
          Cookies = []

MockHttpServletRequest:
      HTTP Method = GET
      Request URI = /trades/users/4/stocks/AAP
       Parameters = {}
          Headers = {}
             Body = null
    Session Attrs = {}

Handler:
             Type = org.springframework.web.servlet.resource.ResourceHttpRequestHandler

Async:
    Async started = false
     Async result = null

Resolved Exception:
             Type = null

ModelAndView:
        View name = null
             View = null
            Model = null

FlashMap:
       Attributes = null

MockHttpServletResponse:
           Status = 404
    Error message = null
          Headers = {}
     Content type = null
             Body = 
    Forwarded URL = null
   Redirected URL = null
          Cookies = []

MockHttpServletRequest:
      HTTP Method = GET
      Request URI = /trades/users/1/stocks/AAP
       Parameters = {}
          Headers = {}
             Body = null
    Session Attrs = {}

Handler:
             Type = org.springframework.web.servlet.resource.ResourceHttpRequestHandler

Async:
    Async started = false
     Async result = null

Resolved Exception:
             Type = null

ModelAndView:
        View name = null
             View = null
            Model = null

FlashMap:
       Attributes = null

MockHttpServletResponse:
           Status = 404
    Error message = null
          Headers = {}
     Content type = null
             Body = 
    Forwarded URL = null
   Redirected URL = null
          Cookies = []

MockHttpServletRequest:
      HTTP Method = GET
      Request URI = /trades/users/4/stocks/A
       Parameters = {}
          Headers = {}
             Body = null
    Session Attrs = {}

Handler:
             Type = org.springframework.web.servlet.resource.ResourceHttpRequestHandler

Async:
    Async started = false
     Async result = null

Resolved Exception:
             Type = null

ModelAndView:
        View name = null
             View = null
            Model = null

FlashMap:
       Attributes = null

MockHttpServletResponse:
           Status = 404
    Error message = null
          Headers = {}
     Content type = null
             Body = 
    Forwarded URL = null
   Redirected URL = null
          Cookies = []

MockHttpServletRequest:
      HTTP Method = GET
      Request URI = /trades
       Parameters = {}
          Headers = {}
             Body = null
    Session Attrs = {}

Handler:
             Type = org.springframework.web.servlet.resource.ResourceHttpRequestHandler

Async:
    Async started = false
     Async result = null

Resolved Exception:
             Type = null

ModelAndView:
        View name = null
             View = null
            Model = null

FlashMap:
       Attributes = null

MockHttpServletResponse:
           Status = 404
    Error message = null
          Headers = {}
     Content type = null
             Body = 
    Forwarded URL = null
   Redirected URL = null
          Cookies = []

MockHttpServletRequest:
      HTTP Method = DELETE
      Request URI = /erase
       Parameters = {}
          Headers = {}
             Body = null
    Session Attrs = {}

Handler:
             Type = org.springframework.web.servlet.resource.ResourceHttpRequestHandler

Async:
    Async started = false
     Async result = null

Resolved Exception:
             Type = null

ModelAndView:
        View name = null
             View = null
            Model = null

FlashMap:
       Attributes = null

MockHttpServletResponse:
           Status = 404
    Error message = null
          Headers = {}
     Content type = null
             Body = 
    Forwarded URL = null
   Redirected URL = null
          Cookies = []

MockHttpServletRequest:
      HTTP Method = GET
      Request URI = /trades
       Parameters = {}
          Headers = {}
             Body = null
    Session Attrs = {}

Handler:
             Type = org.springframework.web.servlet.resource.ResourceHttpRequestHandler

Async:
    Async started = false
     Async result = null

Resolved Exception:
             Type = null

ModelAndView:
        View name = null
             View = null
            Model = null

FlashMap:
       Attributes = null

MockHttpServletResponse:
           Status = 404
    Error message = null
          Headers = {}
     Content type = null
             Body = 
    Forwarded URL = null
   Redirected URL = null
          Cookies = []

MockHttpServletRequest:
      HTTP Method = GET
      Request URI = /trades/users/1/stocks/A
       Parameters = {}
          Headers = {}
             Body = null
    Session Attrs = {}

Handler:
             Type = org.springframework.web.servlet.resource.ResourceHttpRequestHandler

Async:
    Async started = false
     Async result = null

Resolved Exception:
             Type = null

ModelAndView:
        View name = null
             View = null
            Model = null

FlashMap:
       Attributes = null

MockHttpServletResponse:
           Status = 404
    Error message = null
          Headers = {}
     Content type = null
             Body = 
    Forwarded URL = null
   Redirected URL = null
          Cookies = []

MockHttpServletRequest:
      HTTP Method = GET
      Request URI = /trades/users/1
       Parameters = {}
          Headers = {}
             Body = null
    Session Attrs = {}

Handler:
             Type = org.springframework.web.servlet.resource.ResourceHttpRequestHandler

Async:
    Async started = false
     Async result = null

Resolved Exception:
             Type = null

ModelAndView:
        View name = null
             View = null
            Model = null

FlashMap:
       Attributes = null

MockHttpServletResponse:
           Status = 404
    Error message = null
          Headers = {}
     Content type = null
             Body = 
    Forwarded URL = null
   Redirected URL = null
          Cookies = []

MockHttpServletRequest:
      HTTP Method = GET
      Request URI = /trades/stocks/A
       Parameters = {}
          Headers = {}
             Body = null
    Session Attrs = {}

Handler:
             Type = org.springframework.web.servlet.resource.ResourceHttpRequestHandler

Async:
    Async started = false
     Async result = null

Resolved Exception:
             Type = null

ModelAndView:
        View name = null
             View = null
            Model = null

FlashMap:
       Attributes = null

MockHttpServletResponse:
           Status = 404
    Error message = null
          Headers = {}
     Content type = null
             Body = 
    Forwarded URL = null
   Redirected URL = null
          Cookies = []

MockHttpServletRequest:
      HTTP Method = GET
      Request URI = /trades/1
       Parameters = {}
          Headers = {}
             Body = null
    Session Attrs = {}

Handler:
             Type = org.springframework.web.servlet.resource.ResourceHttpRequestHandler

Async:
    Async started = false
     Async result = null

Resolved Exception:
             Type = null

ModelAndView:
        View name = null
             View = null
            Model = null

FlashMap:
       Attributes = null

MockHttpServletResponse:
           Status = 404
    Error message = null
          Headers = {}
     Content type = null
             Body = 
    Forwarded URL = null
   Redirected URL = null
          Cookies = []

MockHttpServletRequest:
      HTTP Method = POST
      Request URI = /trades
       Parameters = {}
          Headers = {Content-Type=[application/json;charset=UTF-8]}
             Body = {&quot;id&quot;: 1, &quot;type&quot;: &quot;buy&quot;, &quot;user&quot;: {&quot;id&quot;: 2, &quot;name&quot;: &quot;Amy Palmer&quot;}, &quot;symbol&quot;: &quot;AA&quot;, &quot;shares&quot;: 11, &quot;price&quot;: 174.82, &quot;timestamp&quot;: &quot;2018-12-28 13:18:48&quot;}
    Session Attrs = {}

Handler:
             Type = org.springframework.web.servlet.resource.ResourceHttpRequestHandler

Async:
    Async started = false
     Async result = null

Resolved Exception:
             Type = null

ModelAndView:
        View name = null
             View = null
            Model = null

FlashMap:
       Attributes = null

MockHttpServletResponse:
           Status = 404
    Error message = null
          Headers = {}
     Content type = null
             Body = 
    Forwarded URL = null
   Redirected URL = null
          Cookies = []

MockHttpServletRequest:
      HTTP Method = POST
      Request URI = /trades
       Parameters = {}
          Headers = {Content-Type=[application/json;charset=UTF-8]}
             Body = {&quot;id&quot;: 1, &quot;type&quot;: &quot;buy&quot;, &quot;user&quot;: {&quot;id&quot;: 2, &quot;name&quot;: &quot;Amy Palmer&quot;}, &quot;symbol&quot;: &quot;AA&quot;, &quot;shares&quot;: 11, &quot;price&quot;: 174.82, &quot;timestamp&quot;: &quot;2018-12-28 13:18:48&quot;}
    Session Attrs = {}

Handler:
             Type = org.springframework.web.servlet.resource.ResourceHttpRequestHandler

Async:
    Async started = false
     Async result = null

Resolved Exception:
             Type = null

ModelAndView:
        View name = null
             View = null
            Model = null

FlashMap:
       Attributes = null

MockHttpServletResponse:
           Status = 404
    Error message = null
          Headers = {}
     Content type = null
             Body = 
    Forwarded URL = null
   Redirected URL = null
          Cookies = []

&amp;#27;[0;31mcreateTradeWithExistingId(com.hackerrank.stocktrade.requests.NoResourcesTradesControllerTest)&amp;#27;[0m
&amp;#27;[0;31mjava.lang.AssertionError: Status expected:&lt;400&gt; but was:&lt;404&gt;&amp;#27;[0m
&amp;#27;[0;31m	at org.springframework.test.util.AssertionErrors.fail(AssertionErrors.java:55)&amp;#27;[0m
&amp;#27;[0;31m	at org.springframework.test.util.AssertionErrors.assertEquals(AssertionErrors.java:82)&amp;#27;[0m
&amp;#27;[0;31m	at org.springframework.test.web.servlet.result.StatusResultMatchers.lambda$matcher$9(StatusResultMatchers.java:619)&amp;#27;[0m
&amp;#27;[0;31m	at org.springframework.test.web.servlet.MockMvc$1.andExpect(MockMvc.java:195)&amp;#27;[0m
&amp;#27;[0;31m	at com.hackerrank.stocktrade.requests.NoResourcesTradesControllerTest.createTradeWithExistingId(NoResourcesTradesControllerTest.java:221)&amp;#27;[0m
&amp;#27;[0;31m	at java.base/jdk.internal.reflect.NativeMethodAccessorImpl.invoke0(Native Method)&amp;#27;[0m
&amp;#27;[0;31m	at java.base/jdk.internal.reflect.NativeMethodAccessorImpl.invoke(NativeMethodAccessorImpl.java:62)&amp;#27;[0m
&amp;#27;[0;31m	at java.base/jdk.internal.reflect.DelegatingMethodAccessorImpl.invoke(DelegatingMethodAccessorImpl.java:43)&amp;#27;[0m
&amp;#27;[0;31m	at java.base/java.lang.reflect.Method.invoke(Method.java:564)&amp;#27;[0m
&amp;#27;[0;31m	at org.junit.runners.model.FrameworkMethod$1.runReflectiveCall(FrameworkMethod.java:50)&amp;#27;[0m
&amp;#27;[0;31m	at org.junit.internal.runners.model.ReflectiveCallable.run(ReflectiveCallable.java:12)&amp;#27;[0m
&amp;#27;[0;31m	at org.junit.runners.model.FrameworkMethod.invokeExplosively(FrameworkMethod.java:47)&amp;#27;[0m
&amp;#27;[0;31m	at org.junit.internal.runners.statements.InvokeMethod.evaluate(InvokeMethod.java:17)&amp;#27;[0m
&amp;#27;[0;31m	at org.springframework.test.context.junit4.statements.RunBeforeTestMethodCallbacks.evaluate(RunBeforeTestMethodCallbacks.java:75)&amp;#27;[0m
&amp;#27;[0;31m	at org.springframework.test.context.junit4.statements.RunAfterTestMethodCallbacks.evaluate(RunAfterTestMethodCallbacks.java:86)&amp;#27;[0m
&amp;#27;[0;31m	at org.springframework.test.context.junit4.statements.RunPrepareTestInstanceCallbacks.evaluate(RunPrepareTestInstanceCallbacks.java:64)&amp;#27;[0m
&amp;#27;[0;31m	at org.springframework.test.context.junit4.statements.SpringRepeat.evaluate(SpringRepeat.java:84)&amp;#27;[0m
&amp;#27;[0;31m	at org.springframework.test.context.junit4.statements.SpringFailOnTimeout.evaluate(SpringFailOnTimeout.java:87)&amp;#27;[0m
&amp;#27;[0;31m	at org.springframework.test.context.junit4.statements.ProfileValueChecker.evaluate(ProfileValueChecker.java:103)&amp;#27;[0m
&amp;#27;[0;31m	at org.junit.rules.TestWatcher$1.evaluate(TestWatcher.java:55)&amp;#27;[0m
&amp;#27;[0;31m	at org.junit.rules.RunRules.evaluate(RunRules.java:20)&amp;#27;[0m
&amp;#27;[0;31m	at org.junit.runners.ParentRunner.runLeaf(ParentRunner.java:325)&amp;#27;[0m
&amp;#27;[0;31m	at org.junit.runners.BlockJUnit4ClassRunner.runChild(BlockJUnit4ClassRunner.java:78)&amp;#27;[0m
&amp;#27;[0;31m	at org.junit.runners.BlockJUnit4ClassRunner.runChild(BlockJUnit4ClassRunner.java:57)&amp;#27;[0m
&amp;#27;[0;31m	at org.junit.runners.ParentRunner$3.run(ParentRunner.java:290)&amp;#27;[0m
&amp;#27;[0;31m	at org.junit.runners.ParentRunner$1.schedule(ParentRunner.java:71)&amp;#27;[0m
&amp;#27;[0;31m	at org.junit.runners.ParentRunner.runChildren(ParentRunner.java:288)&amp;#27;[0m
&amp;#27;[0;31m	at org.junit.runners.ParentRunner.access$000(ParentRunner.java:58)&amp;#27;[0m
&amp;#27;[0;31m	at org.junit.runners.ParentRunner$2.evaluate(ParentRunner.java:268)&amp;#27;[0m
&amp;#27;[0;31m	at org.junit.internal.runners.statements.RunBefores.evaluate(RunBefores.java:26)&amp;#27;[0m
&amp;#27;[0;31m	at org.junit.internal.runners.statements.RunAfters.evaluate(RunAfters.java:27)&amp;#27;[0m
&amp;#27;[0;31m	at org.springframework.test.context.junit4.statements.RunBeforeTestClassCallbacks.evaluate(RunBeforeTestClassCallbacks.java:61)&amp;#27;[0m
&amp;#27;[0;31m	at org.springframework.test.context.junit4.statements.RunAfterTestClassCallbacks.evaluate(RunAfterTestClassCallbacks.java:70)&amp;#27;[0m
&amp;#27;[0;31m	at org.springframework.test.context.junit4.statements.ProfileValueChecker.evaluate(ProfileValueChecker.java:103)&amp;#27;[0m
&amp;#27;[0;31m	at org.springframework.test.context.junit4.rules.SpringClassRule$TestContextManagerCacheEvictor.evaluate(SpringClassRule.java:190)&amp;#27;[0m
&amp;#27;[0;31m	at org.junit.rules.RunRules.evaluate(RunRules.java:20)&amp;#27;[0m
&amp;#27;[0;31m	at org.junit.runners.ParentRunner.run(ParentRunner.java:363)&amp;#27;[0m
&amp;#27;[0;31m	at org.junit.runners.Suite.runChild(Suite.java:128)&amp;#27;[0m
&amp;#27;[0;31m	at org.junit.runners.Suite.runChild(Suite.java:27)&amp;#27;[0m
&amp;#27;[0;31m	at org.junit.runners.ParentRunner$3.run(ParentRunner.java:290)&amp;#27;[0m
&amp;#27;[0;31m	at org.junit.runners.ParentRunner$1.schedule(ParentRunner.java:71)&amp;#27;[0m
&amp;#27;[0;31m	at org.junit.runners.ParentRunner.runChildren(ParentRunner.java:288)&amp;#27;[0m
&amp;#27;[0;31m	at org.junit.runners.ParentRunner.access$000(ParentRunner.java:58)&amp;#27;[0m
&amp;#27;[0;31m	at org.junit.runners.ParentRunner$2.evaluate(ParentRunner.java:268)&amp;#27;[0m
&amp;#27;[0;31m	at org.junit.internal.runners.statements.RunAfters.evaluate(RunAfters.java:27)&amp;#27;[0m
&amp;#27;[0;31m	at org.junit.runners.ParentRunner.run(ParentRunner.java:363)&amp;#27;[0m
&amp;#27;[0;31m	at org.apache.maven.surefire.junit4.JUnit4Provider.execute(JUnit4Provider.java:252)&amp;#27;[0m
&amp;#27;[0;31m	at org.apache.maven.surefire.junit4.JUnit4Provider.executeTestSet(JUnit4Provider.java:141)&amp;#27;[0m
&amp;#27;[0;31m	at org.apache.maven.surefire.junit4.JUnit4Provider.invoke(JUnit4Provider.java:112)&amp;#27;[0m
&amp;#27;[0;31m	at java.base/jdk.internal.reflect.NativeMethodAccessorImpl.invoke0(Native Method)&amp;#27;[0m
&amp;#27;[0;31m	at java.base/jdk.internal.reflect.NativeMethodAccessorImpl.invoke(NativeMethodAccessorImpl.java:62)&amp;#27;[0m
&amp;#27;[0;31m	at java.base/jdk.internal.reflect.DelegatingMethodAccessorImpl.invoke(DelegatingMethodAccessorImpl.java:43)&amp;#27;[0m
&amp;#27;[0;31m	at java.base/java.lang.reflect.Method.invoke(Method.java:564)&amp;#27;[0m
&amp;#27;[0;31m	at org.apache.maven.surefire.util.ReflectionUtils.invokeMethodWithArray(ReflectionUtils.java:189)&amp;#27;[0m
&amp;#27;[0;31m	at org.apache.maven.surefire.booter.ProviderFactory$ProviderProxy.invoke(ProviderFactory.java:165)&amp;#27;[0m
&amp;#27;[0;31m	at org.apache.maven.surefire.booter.ProviderFactory.invokeProvider(ProviderFactory.java:85)&amp;#27;[0m
&amp;#27;[0;31m	at org.apache.maven.surefire.booter.ForkedBooter.runSuitesInProcess(ForkedBooter.java:115)&amp;#27;[0m
&amp;#27;[0;31m	at org.apache.maven.surefire.booter.ForkedBooter.main(ForkedBooter.java:75)&amp;#27;[0m
</system-out>
  </testcase>
</testsuite>